INFO | 2024-08-19 22:03:15,123 | views | 45 | 125968570280760 : PASSEI POR AQUI EM.
INFO | 2024-08-19 22:03:17,750 | views | 45 | 125968570280760 : PASSEI POR AQUI EM.
INFO | 2024-08-19 22:03:19,790 | views | 45 | 125968569219896 : PASSEI POR AQUI EM.
INFO | 2024-08-19 22:03:40,364 | views | 45 | 125968569219896 : PASSEI POR AQUI EM.
INFO | 2024-08-19 22:03:42,908 | views | 45 | 125968568159032 : PASSEI POR AQUI EM.
INFO | 2024-08-19 22:10:13,993 | views | 61 | 124083495594808 : PASSEI POR AQUI EM.
INFO | 2024-08-19 22:33:44,617 | views | 61 | 124083497716536 : PASSEI POR AQUI EM.
INFO | 2024-08-19 22:34:26,997 | views | 61 | 124083497716536 : PASSEI POR AQUI EM.
INFO | 2024-08-19 22:34:36,120 | views | 61 | 124083497716536 : PASSEI POR AQUI EM.
INFO | 2024-08-19 22:34:39,660 | views | 61 | 124083497716536 : PASSEI POR AQUI EM.
INFO | 2024-08-19 22:35:12,123 | views | 61 | 124083495594808 : PASSEI POR AQUI EM.
INFO | 2024-08-19 22:36:29,784 | views | 61 | 124083495594808 : PASSEI POR AQUI EM.
INFO | 2024-08-19 22:36:33,069 | views | 61 | 124083496655672 : PASSEI POR AQUI EM.
INFO | 2024-08-19 22:37:16,181 | views | 61 | 124083496655672 : PASSEI POR AQUI EM.
INFO | 2024-08-19 22:37:21,604 | views | 61 | 124083496655672 : PASSEI POR AQUI EM.
INFO | 2024-08-19 22:39:18,397 | views | 61 | 124083496655672 : PASSEI POR AQUI EM.
INFO | 2024-08-19 22:39:55,012 | views | 61 | 124083496655672 : PASSEI POR AQUI EM.
INFO | 2024-08-19 22:40:48,005 | views | 61 | 124083496655672 : PASSEI POR AQUI EM.
INFO | 2024-08-19 22:41:17,887 | views | 61 | 124083496655672 : PASSEI POR AQUI EM.
INFO | 2024-08-19 22:41:40,776 | views | 61 | 124083496655672 : PASSEI POR AQUI EM.
INFO | 2024-08-19 22:43:16,782 | views | 61 | 124083496655672 : PASSEI POR AQUI EM.
INFO | 2024-08-19 22:43:18,846 | views | 61 | 124083493411640 : PASSEI POR AQUI EM.
INFO | 2024-08-19 22:43:42,293 | views | 61 | 124083493411640 : PASSEI POR AQUI EM.
INFO | 2024-08-19 22:45:56,809 | views | 61 | 124083493411640 : PASSEI POR AQUI EM.
INFO | 2024-08-19 22:48:39,421 | views | 61 | 124083496655672 : PASSEI POR AQUI EM.
INFO | 2024-08-19 22:48:44,115 | views | 61 | 124083497716536 : PASSEI POR AQUI EM.
INFO | 2024-08-19 22:49:28,209 | views | 61 | 124083493411640 : PASSEI POR AQUI EM.
INFO | 2024-08-19 22:50:29,546 | views | 61 | 124083493411640 : PASSEI POR AQUI EM.
INFO | 2024-08-19 22:50:52,230 | views | 61 | 124083493411640 : PASSEI POR AQUI EM.
INFO | 2024-08-19 22:51:08,834 | views | 61 | 124083493411640 : PASSEI POR AQUI EM.
INFO | 2024-08-19 22:51:13,709 | views | 61 | 124083493411640 : PASSEI POR AQUI EM.
INFO | 2024-08-19 22:51:21,667 | views | 61 | 124083493411640 : PASSEI POR AQUI EM.
INFO | 2024-08-19 22:52:01,985 | views | 61 | 124083493411640 : PASSEI POR AQUI EM.
INFO | 2024-08-19 22:52:17,076 | views | 61 | 124083493411640 : PASSEI POR AQUI EM.
INFO | 2024-08-19 22:52:23,508 | views | 61 | 124083493411640 : PASSEI POR AQUI EM.
INFO | 2024-08-19 22:52:45,124 | views | 61 | 124083493411640 : PASSEI POR AQUI EM.
INFO | 2024-08-19 23:46:55,207 | views | 61 | 124083497716536 : PASSEI POR AQUI EM.
INFO | 2024-08-19 23:46:57,764 | views | 61 | 124083495594808 : PASSEI POR AQUI EM.
INFO | 2024-08-19 23:47:06,210 | views | 61 | 124083495594808 : PASSEI POR AQUI EM.
INFO | 2024-08-19 23:48:20,999 | views | 61 | 124083495594808 : PASSEI POR AQUI EM.
INFO | 2024-08-19 23:48:26,999 | views | 61 | 124083495594808 : PASSEI POR AQUI EM.
INFO | 2024-08-19 23:48:31,529 | views | 61 | 124083495594808 : PASSEI POR AQUI EM.
INFO | 2024-08-19 23:48:55,009 | views | 61 | 124083495594808 : PASSEI POR AQUI EM.
INFO | 2024-08-19 23:49:03,444 | views | 61 | 124083495594808 : PASSEI POR AQUI EM.
INFO | 2024-08-19 23:49:15,117 | views | 61 | 124083495594808 : PASSEI POR AQUI EM.
INFO | 2024-08-19 23:49:17,147 | views | 61 | 124083495594808 : PASSEI POR AQUI EM.
INFO | 2024-08-19 23:49:21,725 | views | 61 | 124083495594808 : PASSEI POR AQUI EM.
INFO | 2024-08-19 23:53:31,883 | views | 61 | 124083495594808 : PASSEI POR AQUI EM.
INFO | 2024-08-19 23:57:02,248 | views | 61 | 124083496655672 : PASSEI POR AQUI EM.
INFO | 2024-08-20 00:01:47,576 | views | 82 | 139746334366520 : PASSEI POR AQUI EM.
INFO | 2024-08-20 00:01:52,583 | views | 82 | 139746335427384 : PASSEI POR AQUI EM.
INFO | 2024-08-20 00:02:27,694 | views | 82 | 139746336488248 : PASSEI POR AQUI EM.
INFO | 2024-08-20 00:11:31,282 | views | 82 | 139746336488248 : PASSEI POR AQUI EM.
INFO | 2024-08-20 00:12:01,874 | views | 82 | 139746334366520 : PASSEI POR AQUI EM.
INFO | 2024-08-20 00:13:11,379 | views | 82 | 139746335427384 : PASSEI POR AQUI EM.
INFO | 2024-08-20 00:19:05,742 | views | 82 | 139746336488248 : PASSEI POR AQUI EM.
INFO | 2024-08-20 00:21:34,305 | views | 82 | 139746336488248 : PASSEI POR AQUI EM.
INFO | 2024-08-20 00:22:17,171 | views | 82 | 139746336488248 : PASSEI POR AQUI EM.
INFO | 2024-08-20 00:22:25,507 | views | 82 | 139746336488248 : PASSEI POR AQUI EM.
INFO | 2024-08-20 00:22:58,582 | views | 82 | 139746336488248 : PASSEI POR AQUI EM.
INFO | 2024-08-20 00:23:02,728 | views | 82 | 139746336488248 : PASSEI POR AQUI EM.
INFO | 2024-08-20 00:23:14,858 | views | 82 | 139746336488248 : PASSEI POR AQUI EM.
INFO | 2024-08-20 00:23:21,411 | views | 82 | 139746336488248 : PASSEI POR AQUI EM.
INFO | 2024-08-20 00:23:25,303 | views | 82 | 139746336488248 : PASSEI POR AQUI EM.
INFO | 2024-08-20 00:24:51,301 | views | 82 | 139746336488248 : PASSEI POR AQUI EM.
INFO | 2024-08-20 00:25:03,506 | views | 82 | 139746336488248 : PASSEI POR AQUI EM.
INFO | 2024-08-20 00:25:09,704 | views | 82 | 139746336488248 : PASSEI POR AQUI EM.
INFO | 2024-08-20 00:25:27,573 | views | 82 | 139746331089720 : PASSEI POR AQUI EM.
INFO | 2024-08-20 00:25:40,207 | views | 82 | 139746331089720 : PASSEI POR AQUI EM.
INFO | 2024-08-20 00:25:59,005 | views | 82 | 139746331089720 : PASSEI POR AQUI EM.
INFO | 2024-08-20 00:26:01,828 | views | 82 | 139746332150584 : PASSEI POR AQUI EM.
INFO | 2024-08-20 00:26:06,195 | views | 82 | 139746332150584 : PASSEI POR AQUI EM.
INFO | 2024-08-20 00:27:00,652 | views | 82 | 139746332150584 : PASSEI POR AQUI EM.
INFO | 2024-08-20 00:27:24,204 | views | 82 | 139746336488248 : PASSEI POR AQUI EM.
INFO | 2024-08-20 00:28:19,399 | views | 82 | 139746336488248 : PASSEI POR AQUI EM.
INFO | 2024-08-20 00:29:43,730 | views | 82 | 139746331089720 : PASSEI POR AQUI EM.
INFO | 2024-08-20 00:29:57,956 | views | 82 | 139746332150584 : PASSEI POR AQUI EM.
INFO | 2024-08-20 00:30:11,301 | views | 82 | 139746336488248 : PASSEI POR AQUI EM.
INFO | 2024-08-20 00:30:18,363 | views | 82 | 139746331089720 : PASSEI POR AQUI EM.
INFO | 2024-08-20 00:31:17,549 | views | 82 | 139746331089720 : PASSEI POR AQUI EM.
INFO | 2024-08-20 00:31:24,538 | views | 82 | 139746331089720 : PASSEI POR AQUI EM.
INFO | 2024-08-20 00:32:12,925 | views | 82 | 139746331089720 : PASSEI POR AQUI EM.
INFO | 2024-08-20 00:32:15,141 | views | 82 | 139746331089720 : PASSEI POR AQUI EM.
INFO | 2024-08-20 00:32:34,288 | views | 82 | 139746331089720 : PASSEI POR AQUI EM.
INFO | 2024-08-20 00:33:14,844 | views | 82 | 139746331089720 : PASSEI POR AQUI EM.
INFO | 2024-08-20 00:33:20,936 | views | 82 | 139746331089720 : PASSEI POR AQUI EM.
INFO | 2024-08-20 00:34:20,371 | views | 82 | 139746331089720 : PASSEI POR AQUI EM.
INFO | 2024-08-20 00:34:32,439 | views | 82 | 139746331089720 : PASSEI POR AQUI EM.
INFO | 2024-08-20 00:34:54,160 | views | 82 | 139746331089720 : PASSEI POR AQUI EM.
INFO | 2024-08-20 00:35:08,180 | views | 82 | 139746331089720 : PASSEI POR AQUI EM.
INFO | 2024-08-20 00:35:42,973 | views | 82 | 139746331089720 : PASSEI POR AQUI EM.
INFO | 2024-08-20 00:38:43,125 | views | 82 | 139746331089720 : PASSEI POR AQUI EM.
INFO | 2024-08-20 00:39:39,071 | views | 82 | 139746331089720 : PASSEI POR AQUI EM.
INFO | 2024-08-20 00:40:40,677 | views | 82 | 139746331089720 : PASSEI POR AQUI EM.
INFO | 2024-08-20 00:40:42,995 | views | 82 | 139746331089720 : PASSEI POR AQUI EM.
INFO | 2024-08-20 00:40:57,776 | views | 82 | 139746331089720 : PASSEI POR AQUI EM.
INFO | 2024-08-20 00:41:26,914 | views | 82 | 139746331089720 : PASSEI POR AQUI EM.
INFO | 2024-08-20 00:41:30,135 | views | 82 | 139746331089720 : PASSEI POR AQUI EM.
INFO | 2024-08-20 00:42:50,343 | views | 82 | 139746331089720 : PASSEI POR AQUI EM.
INFO | 2024-08-20 00:42:53,286 | views | 82 | 139746331089720 : PASSEI POR AQUI EM.
INFO | 2024-08-20 00:43:43,238 | views | 82 | 139746331089720 : PASSEI POR AQUI EM.
INFO | 2024-08-20 00:43:46,935 | views | 82 | 139746331089720 : PASSEI POR AQUI EM.
INFO | 2024-08-20 00:43:50,093 | views | 82 | 139746331089720 : PASSEI POR AQUI EM.
INFO | 2024-08-20 00:43:53,396 | views | 82 | 139746331089720 : PASSEI POR AQUI EM.
INFO | 2024-08-20 00:43:56,672 | views | 82 | 139746331089720 : PASSEI POR AQUI EM.
INFO | 2024-08-20 00:44:00,596 | views | 82 | 139746331089720 : PASSEI POR AQUI EM.
INFO | 2024-08-20 00:44:04,290 | views | 82 | 139746331089720 : PASSEI POR AQUI EM.
INFO | 2024-08-20 00:44:12,699 | views | 82 | 139746331089720 : PASSEI POR AQUI EM.
INFO | 2024-08-20 00:44:15,773 | views | 82 | 139746331089720 : PASSEI POR AQUI EM.
INFO | 2024-08-20 00:44:18,668 | views | 82 | 139746331089720 : PASSEI POR AQUI EM.
INFO | 2024-08-20 00:44:22,079 | views | 82 | 139746331089720 : PASSEI POR AQUI EM.
INFO | 2024-08-20 00:44:26,779 | views | 82 | 139746331089720 : PASSEI POR AQUI EM.
INFO | 2024-08-20 00:48:56,503 | views | 82 | 139746332150584 : PASSEI POR AQUI EM.
INFO | 2024-08-20 02:28:28,871 | views | 82 | 139746331089720 : PASSEI POR AQUI EM.
INFO | 2024-08-20 02:29:01,195 | views | 82 | 139746332150584 : PASSEI POR AQUI EM.
INFO | 2024-08-20 02:29:14,956 | views | 82 | 139746336488248 : PASSEI POR AQUI EM.
INFO | 2024-08-20 02:31:12,712 | views | 82 | 139746332150584 : PASSEI POR AQUI EM.
INFO | 2024-08-20 04:05:40,709 | views | 82 | 139746331089720 : PASSEI POR AQUI EM.
INFO | 2024-08-20 04:06:54,757 | views | 82 | 139746332150584 : PASSEI POR AQUI EM.
INFO | 2024-08-20 04:10:13,398 | views | 82 | 139746336488248 : PASSEI POR AQUI EM.
INFO | 2024-08-20 04:19:14,746 | views | 82 | 139746331089720 : PASSEI POR AQUI EM.
INFO | 2024-08-20 04:19:54,471 | views | 82 | 139746332150584 : PASSEI POR AQUI EM.
INFO | 2024-08-20 04:34:48,001 | views | 82 | 139746331089720 : PASSEI POR AQUI EM.
INFO | 2024-08-20 04:38:54,157 | views | 82 | 139746332150584 : PASSEI POR AQUI EM.
INFO | 2024-08-20 04:39:32,904 | views | 82 | 139746336488248 : PASSEI POR AQUI EM.
INFO | 2024-08-20 04:40:10,038 | views | 82 | 139746331089720 : PASSEI POR AQUI EM.
INFO | 2024-08-20 04:41:39,155 | views | 82 | 139746332150584 : PASSEI POR AQUI EM.
INFO | 2024-08-20 04:47:12,551 | views | 82 | 139746331089720 : PASSEI POR AQUI EM.
INFO | 2024-08-20 04:50:03,813 | views | 82 | 139746332150584 : PASSEI POR AQUI EM.
INFO | 2024-08-20 04:50:33,921 | views | 82 | 139746336488248 : PASSEI POR AQUI EM.
INFO | 2024-08-20 04:51:06,653 | views | 82 | 139746331089720 : PASSEI POR AQUI EM.
INFO | 2024-08-20 04:52:45,696 | views | 82 | 139746332150584 : PASSEI POR AQUI EM.
INFO | 2024-08-20 04:56:04,494 | views | 82 | 139746336488248 : PASSEI POR AQUI EM.
INFO | 2024-08-20 05:00:45,644 | views | 82 | 139746331089720 : PASSEI POR AQUI EM.
INFO | 2024-08-20 05:03:07,616 | views | 82 | 139746332150584 : PASSEI POR AQUI EM.
INFO | 2024-08-20 05:09:13,655 | views | 82 | 139746328980280 : PASSEI POR AQUI EM.
INFO | 2024-08-20 05:09:50,215 | views | 82 | 139746331089720 : PASSEI POR AQUI EM.
INFO | 2024-08-20 05:23:47,174 | views | 82 | 139746328980280 : PASSEI POR AQUI EM.
INFO | 2024-08-20 05:27:34,231 | views | 82 | 139746331089720 : PASSEI POR AQUI EM.
INFO | 2024-08-20 05:29:05,182 | views | 82 | 139746331089720 : PASSEI POR AQUI EM.
INFO | 2024-08-20 05:29:18,518 | views | 82 | 139746331089720 : PASSEI POR AQUI EM.
INFO | 2024-08-20 05:29:20,624 | views | 82 | 139746331089720 : PASSEI POR AQUI EM.
INFO | 2024-08-20 05:30:19,602 | views | 82 | 139746332150584 : PASSEI POR AQUI EM.
INFO | 2024-08-20 05:30:49,818 | views | 82 | 139746332150584 : PASSEI POR AQUI EM.
INFO | 2024-08-20 05:32:11,895 | views | 82 | 139746332150584 : PASSEI POR AQUI EM.
INFO | 2024-08-20 05:32:40,372 | views | 82 | 139746332150584 : PASSEI POR AQUI EM.
INFO | 2024-08-20 05:32:45,330 | views | 82 | 139746332150584 : PASSEI POR AQUI EM.
INFO | 2024-08-20 05:32:50,206 | views | 82 | 139746332150584 : PASSEI POR AQUI EM.
INFO | 2024-08-20 05:33:01,282 | views | 82 | 139746332150584 : PASSEI POR AQUI EM.
INFO | 2024-08-20 05:34:47,785 | views | 82 | 139746332150584 : PASSEI POR AQUI EM.
INFO | 2024-08-20 05:34:56,923 | views | 82 | 139746332150584 : PASSEI POR AQUI EM.
INFO | 2024-08-20 05:35:07,640 | views | 82 | 139746332150584 : PASSEI POR AQUI EM.
INFO | 2024-08-20 05:35:36,610 | views | 82 | 139746332150584 : PASSEI POR AQUI EM.
INFO | 2024-08-20 05:35:46,265 | views | 82 | 139746332150584 : PASSEI POR AQUI EM.
INFO | 2024-08-20 05:36:06,437 | views | 82 | 139746332150584 : PASSEI POR AQUI EM.
INFO | 2024-08-20 05:36:13,504 | views | 82 | 139746332150584 : PASSEI POR AQUI EM.
INFO | 2024-08-20 05:36:22,822 | views | 82 | 139746332150584 : PASSEI POR AQUI EM.
INFO | 2024-08-20 05:36:25,690 | views | 82 | 139746332150584 : PASSEI POR AQUI EM.
INFO | 2024-08-20 05:40:52,862 | views | 82 | 139746332150584 : PASSEI POR AQUI EM.
INFO | 2024-08-21 08:44:44,585 | views | 12 | 132667218287416 : PASSEI POR AQUI EM.
INFO | 2024-08-21 08:45:03,664 | views | 12 | 132667220613944 : PASSEI POR AQUI EM.
INFO | 2024-08-21 08:45:09,190 | views | 12 | 132667223644984 : PASSEI POR AQUI EM.
INFO | 2024-08-21 09:12:37,445 | views | 12 | 132667218287416 : PASSEI POR AQUI EM.
INFO | 2024-08-21 09:13:42,884 | views | 12 | 132667220613944 : PASSEI POR AQUI EM.
INFO | 2024-08-21 09:13:45,506 | views | 12 | 132667223644984 : PASSEI POR AQUI EM.
INFO | 2024-08-21 09:13:51,673 | views | 12 | 132667218287416 : PASSEI POR AQUI EM.
INFO | 2024-08-21 09:19:25,625 | views | 12 | 132667218287416 : PASSEI POR AQUI EM.
INFO | 2024-08-21 09:19:40,920 | views | 12 | 132667220613944 : PASSEI POR AQUI EM.
INFO | 2024-08-21 09:19:44,315 | views | 12 | 132667223644984 : PASSEI POR AQUI EM.
INFO | 2024-08-21 09:21:17,406 | views | 12 | 132667218287416 : PASSEI POR AQUI EM.
INFO | 2024-08-21 09:32:37,945 | views | 12 | 132667218287416 : PASSEI POR AQUI EM.
INFO | 2024-08-21 09:32:43,932 | views | 12 | 132667220613944 : PASSEI POR AQUI EM.
INFO | 2024-08-21 09:33:42,389 | views | 12 | 132667218287416 : PASSEI POR AQUI EM.
INFO | 2024-08-21 09:34:58,136 | views | 12 | 132667220613944 : PASSEI POR AQUI EM.
INFO | 2024-08-21 09:35:03,968 | views | 12 | 132667223644984 : PASSEI POR AQUI EM.
INFO | 2024-08-21 09:35:06,788 | views | 12 | 132667218287416 : PASSEI POR AQUI EM.
INFO | 2024-08-21 09:35:16,860 | views | 12 | 132667220613944 : PASSEI POR AQUI EM.
INFO | 2024-08-21 09:35:29,432 | views | 12 | 132667223644984 : PASSEI POR AQUI EM.
INFO | 2024-08-21 09:35:39,817 | views | 12 | 132667218287416 : PASSEI POR AQUI EM.
INFO | 2024-08-21 09:36:50,804 | views | 12 | 132667220613944 : PASSEI POR AQUI EM.
INFO | 2024-08-21 09:37:10,961 | views | 12 | 132667223644984 : PASSEI POR AQUI EM.
INFO | 2024-08-21 09:37:13,856 | views | 12 | 132667218287416 : PASSEI POR AQUI EM.
INFO | 2024-08-21 09:37:16,728 | views | 12 | 132667220613944 : PASSEI POR AQUI EM.
INFO | 2024-08-21 09:38:23,716 | views | 12 | 132667223644984 : PASSEI POR AQUI EM.
INFO | 2024-08-21 09:39:00,652 | views | 12 | 132667218287416 : PASSEI POR AQUI EM.
INFO | 2024-08-21 09:39:07,624 | views | 12 | 132667220613944 : PASSEI POR AQUI EM.
INFO | 2024-08-21 09:39:11,977 | views | 12 | 132667223644984 : PASSEI POR AQUI EM.
INFO | 2024-08-21 09:41:43,099 | views | 12 | 132667218287416 : PASSEI POR AQUI EM.
INFO | 2024-08-21 09:41:46,356 | views | 12 | 132667220613944 : PASSEI POR AQUI EM.
INFO | 2024-08-21 09:42:44,752 | views | 12 | 132667223644984 : PASSEI POR AQUI EM.
INFO | 2024-08-21 09:44:31,070 | views | 12 | 132667218287416 : PASSEI POR AQUI EM.
INFO | 2024-08-21 09:44:37,549 | views | 12 | 132667220613944 : PASSEI POR AQUI EM.
INFO | 2024-08-21 09:44:42,746 | views | 12 | 132667223644984 : PASSEI POR AQUI EM.
INFO | 2024-08-21 09:46:04,085 | views | 12 | 132667218287416 : PASSEI POR AQUI EM.
INFO | 2024-08-21 09:46:31,271 | views | 12 | 132667220613944 : PASSEI POR AQUI EM.
INFO | 2024-08-21 09:46:45,895 | views | 12 | 132667223644984 : PASSEI POR AQUI EM.
INFO | 2024-08-21 09:47:40,798 | views | 12 | 132667218287416 : PASSEI POR AQUI EM.
INFO | 2024-08-21 09:47:44,649 | views | 12 | 132667220613944 : PASSEI POR AQUI EM.
INFO | 2024-08-21 09:47:57,621 | views | 12 | 132667223644984 : PASSEI POR AQUI EM.
INFO | 2024-08-21 09:48:02,737 | views | 12 | 132667218287416 : PASSEI POR AQUI EM.
INFO | 2024-08-21 09:48:05,969 | views | 12 | 132667220613944 : PASSEI POR AQUI EM.
INFO | 2024-08-21 09:48:16,320 | views | 12 | 132667223644984 : PASSEI POR AQUI EM.
INFO | 2024-08-21 09:49:23,013 | views | 12 | 132667218287416 : PASSEI POR AQUI EM.
INFO | 2024-08-21 09:49:24,666 | views | 12 | 132667217226552 : PASSEI POR AQUI EM.
INFO | 2024-08-21 09:50:34,130 | views | 12 | 132667220613944 : PASSEI POR AQUI EM.
INFO | 2024-08-21 09:51:19,863 | views | 12 | 132667223644984 : PASSEI POR AQUI EM.
INFO | 2024-08-21 09:52:08,193 | views | 12 | 132667217226552 : PASSEI POR AQUI EM.
INFO | 2024-08-21 09:52:51,543 | views | 12 | 132667220613944 : PASSEI POR AQUI EM.
INFO | 2024-08-21 09:52:57,191 | views | 12 | 132667223644984 : PASSEI POR AQUI EM.
INFO | 2024-08-21 09:53:05,004 | views | 12 | 132667217226552 : PASSEI POR AQUI EM.
INFO | 2024-08-21 09:53:15,936 | views | 12 | 132667220613944 : PASSEI POR AQUI EM.
INFO | 2024-08-21 09:55:18,813 | views | 12 | 132667223644984 : PASSEI POR AQUI EM.
INFO | 2024-08-21 09:55:25,630 | views | 12 | 132667217226552 : PASSEI POR AQUI EM.
INFO | 2024-08-21 09:55:53,854 | views | 12 | 132667220613944 : PASSEI POR AQUI EM.
INFO | 2024-08-21 09:56:13,894 | views | 12 | 132667223644984 : PASSEI POR AQUI EM.
INFO | 2024-08-21 09:56:34,172 | views | 12 | 132667217226552 : PASSEI POR AQUI EM.
INFO | 2024-08-21 09:57:46,423 | views | 12 | 132667220613944 : PASSEI POR AQUI EM.
INFO | 2024-08-21 10:10:16,735 | views | 12 | 132667218287416 : PASSEI POR AQUI EM.
INFO | 2024-08-21 10:13:35,409 | views | 12 | 132667220613944 : PASSEI POR AQUI EM.
INFO | 2024-08-21 10:15:23,975 | views | 12 | 132667223644984 : PASSEI POR AQUI EM.
INFO | 2024-08-21 10:16:32,699 | views | 12 | 132667218287416 : PASSEI POR AQUI EM.
INFO | 2024-08-21 10:17:13,053 | views | 12 | 132667220613944 : PASSEI POR AQUI EM.
INFO | 2024-08-21 10:17:18,572 | views | 12 | 132667223644984 : PASSEI POR AQUI EM.
INFO | 2024-08-21 10:17:28,778 | views | 12 | 132667218287416 : PASSEI POR AQUI EM.
INFO | 2024-08-21 10:18:43,831 | views | 12 | 132667220613944 : PASSEI POR AQUI EM.
INFO | 2024-08-21 10:19:05,580 | views | 12 | 132667223644984 : PASSEI POR AQUI EM.
INFO | 2024-08-21 10:21:34,830 | views | 12 | 132667218287416 : PASSEI POR AQUI EM.
INFO | 2024-08-21 10:21:56,042 | views | 12 | 132667220613944 : PASSEI POR AQUI EM.
INFO | 2024-08-21 10:22:45,197 | views | 12 | 132667223644984 : PASSEI POR AQUI EM.
INFO | 2024-08-21 10:22:54,367 | views | 12 | 132667218287416 : PASSEI POR AQUI EM.
INFO | 2024-08-21 10:23:32,378 | views | 12 | 132667220613944 : PASSEI POR AQUI EM.
INFO | 2024-08-21 10:23:48,376 | views | 12 | 132667223644984 : PASSEI POR AQUI EM.
INFO | 2024-08-21 10:25:17,043 | views | 12 | 132667218287416 : PASSEI POR AQUI EM.
INFO | 2024-08-21 10:25:19,859 | views | 12 | 132667220613944 : PASSEI POR AQUI EM.
INFO | 2024-08-21 10:31:55,316 | views | 12 | 132667218287416 : PASSEI POR AQUI EM.
INFO | 2024-08-21 10:32:37,316 | views | 12 | 132667220613944 : PASSEI POR AQUI EM.
INFO | 2024-08-21 10:32:53,315 | views | 12 | 132667223644984 : PASSEI POR AQUI EM.
INFO | 2024-08-21 10:33:05,312 | views | 12 | 132667218287416 : PASSEI POR AQUI EM.
INFO | 2024-08-21 10:33:08,313 | views | 12 | 132667220613944 : PASSEI POR AQUI EM.
INFO | 2024-08-21 10:33:21,322 | views | 12 | 132667223644984 : PASSEI POR AQUI EM.
INFO | 2024-08-21 10:33:45,315 | views | 12 | 132667218287416 : PASSEI POR AQUI EM.
INFO | 2024-08-21 10:34:00,321 | views | 12 | 132667220613944 : PASSEI POR AQUI EM.
INFO | 2024-08-21 10:34:50,315 | views | 12 | 132667223644984 : PASSEI POR AQUI EM.
INFO | 2024-08-21 10:34:57,315 | views | 12 | 132667218287416 : PASSEI POR AQUI EM.
INFO | 2024-08-21 10:35:15,311 | views | 12 | 132667220613944 : PASSEI POR AQUI EM.
INFO | 2024-08-21 10:35:25,309 | views | 12 | 132667218287416 : PASSEI POR AQUI EM.
INFO | 2024-08-21 10:35:40,313 | views | 12 | 132667223644984 : PASSEI POR AQUI EM.
INFO | 2024-08-21 10:36:49,314 | views | 12 | 132667220613944 : PASSEI POR AQUI EM.
INFO | 2024-08-21 10:37:05,310 | views | 12 | 132667218287416 : PASSEI POR AQUI EM.
INFO | 2024-08-21 10:38:59,310 | views | 12 | 132667223644984 : PASSEI POR AQUI EM.
INFO | 2024-08-21 10:39:12,313 | views | 12 | 132667220613944 : PASSEI POR AQUI EM.
INFO | 2024-08-21 10:39:19,314 | views | 12 | 132667218287416 : PASSEI POR AQUI EM.
INFO | 2024-08-21 10:39:27,312 | views | 12 | 132667223644984 : PASSEI POR AQUI EM.
INFO | 2024-08-21 10:39:41,307 | views | 12 | 132667220613944 : PASSEI POR AQUI EM.
INFO | 2024-08-21 10:39:45,309 | views | 12 | 132667218287416 : PASSEI POR AQUI EM.
INFO | 2024-08-21 10:40:05,311 | views | 12 | 132667223644984 : PASSEI POR AQUI EM.
INFO | 2024-08-21 10:40:25,309 | views | 12 | 132667220613944 : PASSEI POR AQUI EM.
INFO | 2024-08-21 10:40:28,312 | views | 12 | 132667218287416 : PASSEI POR AQUI EM.
INFO | 2024-08-21 10:40:33,316 | views | 12 | 132667223644984 : PASSEI POR AQUI EM.
INFO | 2024-08-21 10:40:46,328 | views | 12 | 132667220613944 : PASSEI POR AQUI EM.
INFO | 2024-08-21 10:41:00,314 | views | 12 | 132667218287416 : PASSEI POR AQUI EM.
INFO | 2024-08-21 10:41:08,317 | views | 12 | 132667223644984 : PASSEI POR AQUI EM.
INFO | 2024-08-21 10:41:14,315 | views | 12 | 132667220613944 : PASSEI POR AQUI EM.
INFO | 2024-08-21 10:41:53,310 | views | 12 | 132667218287416 : PASSEI POR AQUI EM.
INFO | 2024-08-21 10:42:08,313 | views | 12 | 132667223644984 : PASSEI POR AQUI EM.
INFO | 2024-08-21 10:42:27,308 | views | 12 | 132667220613944 : PASSEI POR AQUI EM.
INFO | 2024-08-21 10:42:39,312 | views | 12 | 132667218287416 : PASSEI POR AQUI EM.
INFO | 2024-08-21 10:44:26,313 | views | 12 | 132667223644984 : PASSEI POR AQUI EM.
INFO | 2024-08-21 10:44:33,313 | views | 12 | 132667220613944 : PASSEI POR AQUI EM.
INFO | 2024-08-21 10:46:21,309 | views | 12 | 132667218287416 : PASSEI POR AQUI EM.
INFO | 2024-08-21 10:46:48,313 | views | 12 | 132667223644984 : PASSEI POR AQUI EM.
INFO | 2024-08-21 10:52:26,311 | views | 12 | 132667218287416 : PASSEI POR AQUI EM.
INFO | 2024-08-21 10:52:41,344 | views | 12 | 132667220613944 : PASSEI POR AQUI EM.
INFO | 2024-08-21 10:52:44,314 | views | 12 | 132667223644984 : PASSEI POR AQUI EM.
INFO | 2024-08-21 10:53:10,311 | views | 12 | 132667218287416 : PASSEI POR AQUI EM.
INFO | 2024-08-21 10:53:15,260 | views | 12 | 132667220613944 : PASSEI POR AQUI EM.
INFO | 2024-08-21 11:00:36,871 | views | 12 | 132667218287416 : PASSEI POR AQUI EM.
INFO | 2024-08-21 11:00:43,279 | views | 12 | 132667220613944 : PASSEI POR AQUI EM.
INFO | 2024-08-21 11:00:52,149 | views | 12 | 132667223644984 : PASSEI POR AQUI EM.
INFO | 2024-08-21 11:13:02,398 | views | 12 | 132667218287416 : PASSEI POR AQUI EM.
INFO | 2024-08-21 11:13:44,859 | views | 12 | 132667220613944 : PASSEI POR AQUI EM.
INFO | 2024-08-21 11:15:31,012 | views | 12 | 132667223644984 : PASSEI POR AQUI EM.
INFO | 2024-08-21 11:15:35,556 | views | 12 | 132667218287416 : PASSEI POR AQUI EM.
INFO | 2024-08-21 11:16:40,629 | views | 12 | 132667218287416 : PASSEI POR AQUI EM.
INFO | 2024-08-21 11:16:48,024 | views | 12 | 132667218287416 : PASSEI POR AQUI EM.
INFO | 2024-08-21 11:20:12,545 | views | 12 | 132667218287416 : PASSEI POR AQUI EM.
INFO | 2024-08-21 11:20:17,751 | views | 12 | 132667218287416 : PASSEI POR AQUI EM.
INFO | 2024-08-21 11:24:08,682 | views | 12 | 132667218287416 : PASSEI POR AQUI EM.
INFO | 2024-08-21 11:24:35,196 | views | 12 | 132667218287416 : PASSEI POR AQUI EM.
INFO | 2024-08-21 11:24:41,378 | views | 12 | 132667218287416 : PASSEI POR AQUI EM.
INFO | 2024-08-21 11:34:44,135 | views | 12 | 132667218287416 : PASSEI POR AQUI EM.
INFO | 2024-08-21 11:43:35,553 | views | 12 | 132667218287416 : PASSEI POR AQUI EM.
INFO | 2024-08-21 11:50:00,063 | views | 12 | 132667220613944 : PASSEI POR AQUI EM.
INFO | 2024-08-21 12:22:30,922 | views | 12 | 132667223644984 : PASSEI POR AQUI EM.
INFO | 2024-08-21 12:22:42,271 | views | 12 | 132667218287416 : PASSEI POR AQUI EM.
INFO | 2024-08-21 12:23:02,465 | views | 12 | 132667220613944 : PASSEI POR AQUI EM.
INFO | 2024-08-21 12:25:22,466 | views | 12 | 132667223644984 : PASSEI POR AQUI EM.
INFO | 2024-08-21 12:45:13,540 | views | 12 | 132667218287416 : PASSEI POR AQUI EM.
INFO | 2024-08-21 12:47:30,671 | views | 12 | 132667223644984 : PASSEI POR AQUI EM.
INFO | 2024-08-21 12:47:41,237 | views | 12 | 132667223644984 : PASSEI POR AQUI EM.
INFO | 2024-08-22 02:40:02,656 | views | 139 | 127266039089976 : PASSEI POR AQUI EM.
INFO | 2024-08-22 02:42:56,204 | views | 153 | 123899410623288 : PASSEI POR AQUI EM.
INFO | 2024-08-22 02:43:23,132 | views | 153 | 123899411684152 : PASSEI POR AQUI EM.
INFO | 2024-08-22 02:46:58,031 | views | 164 | 124286009453368 : PASSEI POR AQ NO FILTER
INFO | 2024-08-22 02:47:15,377 | views | 164 | 124286006283064 : PASSEI POR AQ NO FILTER
INFO | 2024-08-22 02:47:31,941 | views | 164 | 124286006283064 : PASSEI POR AQ NO FILTER
INFO | 2024-08-22 02:47:55,212 | views | 164 | 124286006283064 : PASSEI POR AQ NO FILTER
INFO | 2024-08-22 02:49:38,970 | views | 12 | 128339014773560 : PASSEI POR AQ NO FILTER
INFO | 2024-08-22 02:52:52,484 | views | 12 | 128339014773560 : PASSEI POR AQ NO FILTER
INFO | 2024-08-22 03:05:29,855 | views | 17 | 123160736553784 : PASSEI POR AQ NO FILTER
INFO | 2024-08-22 03:05:41,035 | views | 17 | 123160736553784 : PASSEI POR AQ NO FILTER
INFO | 2024-08-22 03:06:45,222 | views | 22 | 135308170931000 : (<rest_framework.request.Request: GET '/api/data/pesquisa/filter?color=2,1'>,)
INFO | 2024-08-22 03:06:45,222 | views | 22 | 135308170931000 : {}
INFO | 2024-08-22 03:09:09,228 | views | 25 | 138657999170360 : (<rest_framework.request.Request: GET '/api/data/pesquisa/filter?color=2'>,)
INFO | 2024-08-22 03:09:09,230 | views | 25 | 138657999170360 : {}
INFO | 2024-08-22 03:09:50,899 | views | 28 | 134173304695608 : (<rest_framework.request.Request: GET '/api/data/pesquisa/filter?color=2,1'>,)
INFO | 2024-08-22 03:09:50,901 | views | 28 | 134173304695608 : {}
INFO | 2024-08-22 03:33:55,612 | views | 87 | 127075956087608 : PASSEI POR AQUI EM.
INFO | 2024-08-22 03:36:21,084 | views | 92 | 132513287117624 : PASSEI POR AQUI EM.
INFO | 2024-08-22 03:52:34,206 | views | 127 | 132260733328184 : PASSEI POR AQUI EM.
INFO | 2024-08-22 05:05:19,448 | views | 170 | 136527947516728 : PASSEI POR AQUI EM.
INFO | 2024-08-22 05:21:24,875 | views | 170 | 136527947516728 : PASSEI POR AQUI EM.
INFO | 2024-08-22 05:22:12,562 | views | 170 | 136527949720376 : PASSEI POR AQUI EM.
INFO | 2024-08-22 05:26:59,924 | views | 170 | 136527946455864 : PASSEI POR AQUI EM.
INFO | 2024-08-22 05:27:49,115 | views | 170 | 136527947516728 : PASSEI POR AQUI EM.
INFO | 2024-08-22 05:27:53,750 | views | 170 | 136527947516728 : PASSEI POR AQUI EM.
INFO | 2024-08-22 05:28:00,389 | views | 170 | 136527947516728 : PASSEI POR AQUI EM.
INFO | 2024-08-22 05:28:09,222 | views | 170 | 136527947516728 : PASSEI POR AQUI EM.
INFO | 2024-08-22 05:28:14,767 | views | 170 | 136527947516728 : PASSEI POR AQUI EM.
INFO | 2024-08-22 05:30:14,344 | views | 170 | 136527947516728 : PASSEI POR AQUI EM.
INFO | 2024-08-22 05:30:33,724 | views | 170 | 136527949720376 : PASSEI POR AQUI EM.
INFO | 2024-08-22 05:30:42,426 | views | 170 | 136527949720376 : PASSEI POR AQUI EM.
INFO | 2024-08-22 05:33:29,603 | views | 170 | 136527946455864 : PASSEI POR AQUI EM.
INFO | 2024-08-22 05:46:59,919 | views | 170 | 136527946455864 : PASSEI POR AQUI EM.
INFO | 2024-08-22 05:47:13,909 | views | 170 | 136527947516728 : PASSEI POR AQUI EM.
INFO | 2024-08-22 05:47:17,915 | views | 170 | 136527949720376 : PASSEI POR AQUI EM.
INFO | 2024-08-22 05:53:56,908 | views | 170 | 136527946455864 : PASSEI POR AQUI EM.
INFO | 2024-08-22 05:54:02,911 | views | 170 | 136527947516728 : PASSEI POR AQUI EM.
INFO | 2024-08-22 05:56:09,946 | views | 170 | 136527949720376 : PASSEI POR AQUI EM.
INFO | 2024-08-22 05:56:22,909 | views | 170 | 136527946455864 : PASSEI POR AQUI EM.
INFO | 2024-08-22 05:56:56,927 | views | 170 | 136527947516728 : PASSEI POR AQUI EM.
INFO | 2024-08-22 05:59:06,909 | views | 170 | 136527949720376 : PASSEI POR AQUI EM.
INFO | 2024-08-22 05:59:30,906 | views | 170 | 136527946455864 : PASSEI POR AQUI EM.
INFO | 2024-08-22 05:59:39,319 | views | 170 | 136527947516728 : PASSEI POR AQUI EM.
INFO | 2024-08-22 05:59:44,625 | views | 170 | 136527947516728 : PASSEI POR AQUI EM.
INFO | 2024-08-22 05:59:50,640 | views | 170 | 136527947516728 : PASSEI POR AQUI EM.
INFO | 2024-08-22 05:59:53,945 | views | 170 | 136527947516728 : PASSEI POR AQUI EM.
INFO | 2024-08-22 05:59:58,270 | views | 170 | 136527947516728 : PASSEI POR AQUI EM.
INFO | 2024-08-22 06:00:01,861 | views | 170 | 136527947516728 : PASSEI POR AQUI EM.
INFO | 2024-08-22 06:10:32,911 | views | 170 | 136527946455864 : PASSEI POR AQUI EM.
INFO | 2024-08-22 06:10:54,916 | views | 170 | 136527947516728 : PASSEI POR AQUI EM.
INFO | 2024-08-22 06:16:02,217 | views | 170 | 136527946455864 : PASSEI POR AQUI EM.
INFO | 2024-08-22 06:16:12,529 | views | 170 | 136527947516728 : PASSEI POR AQUI EM.
INFO | 2024-08-22 06:16:17,042 | views | 170 | 136527947516728 : PASSEI POR AQUI EM.
INFO | 2024-08-22 06:16:24,638 | views | 170 | 136527947516728 : PASSEI POR AQUI EM.
INFO | 2024-08-22 06:16:28,451 | views | 170 | 136527947516728 : PASSEI POR AQUI EM.
INFO | 2024-08-22 06:16:32,826 | views | 170 | 136527947516728 : PASSEI POR AQUI EM.
INFO | 2024-08-22 06:18:22,073 | views | 170 | 136527947516728 : PASSEI POR AQUI EM.
INFO | 2024-08-22 06:18:25,975 | views | 170 | 136527947516728 : PASSEI POR AQUI EM.
INFO | 2024-08-22 06:19:33,359 | views | 170 | 136527947516728 : PASSEI POR AQUI EM.
INFO | 2024-08-22 06:19:40,580 | views | 170 | 136527949720376 : PASSEI POR AQUI EM.
INFO | 2024-08-22 06:19:44,403 | views | 170 | 136527949720376 : PASSEI POR AQUI EM.
INFO | 2024-08-22 06:19:52,979 | views | 170 | 136527949720376 : PASSEI POR AQUI EM.
INFO | 2024-08-22 06:20:23,662 | views | 170 | 136527949720376 : PASSEI POR AQUI EM.
INFO | 2024-08-22 06:20:33,270 | views | 170 | 136527947516728 : PASSEI POR AQUI EM.
INFO | 2024-08-22 06:20:45,552 | views | 170 | 136527947516728 : PASSEI POR AQUI EM.
INFO | 2024-08-22 06:20:52,763 | views | 170 | 136527946455864 : PASSEI POR AQUI EM.
INFO | 2024-08-22 06:21:11,633 | views | 170 | 136527946455864 : PASSEI POR AQUI EM.
INFO | 2024-08-22 06:22:42,582 | views | 170 | 136527946455864 : PASSEI POR AQUI EM.
INFO | 2024-08-22 06:22:47,920 | views | 170 | 136527949720376 : PASSEI POR AQUI EM.
INFO | 2024-08-22 06:23:35,679 | views | 170 | 136527949720376 : PASSEI POR AQUI EM.
INFO | 2024-08-22 06:23:47,081 | views | 170 | 136527949720376 : PASSEI POR AQUI EM.
INFO | 2024-08-22 06:23:50,577 | views | 170 | 136527947516728 : PASSEI POR AQUI EM.
INFO | 2024-08-22 06:23:55,531 | views | 170 | 136527947516728 : PASSEI POR AQUI EM.
INFO | 2024-08-22 06:23:59,614 | views | 170 | 136527947516728 : PASSEI POR AQUI EM.
INFO | 2024-08-22 06:24:07,666 | views | 170 | 136527947516728 : PASSEI POR AQUI EM.
INFO | 2024-08-22 06:24:17,821 | views | 170 | 136527947516728 : PASSEI POR AQUI EM.
INFO | 2024-08-22 06:24:21,322 | views | 170 | 136527946455864 : PASSEI POR AQUI EM.
INFO | 2024-08-22 06:24:25,200 | views | 170 | 136527946455864 : PASSEI POR AQUI EM.
INFO | 2024-08-22 06:24:28,555 | views | 170 | 136527946455864 : PASSEI POR AQUI EM.
INFO | 2024-08-22 06:24:34,548 | views | 170 | 136527946455864 : PASSEI POR AQUI EM.
INFO | 2024-08-22 06:24:39,475 | views | 170 | 136527946455864 : PASSEI POR AQUI EM.
INFO | 2024-08-22 06:24:43,080 | views | 170 | 136527946455864 : PASSEI POR AQUI EM.
INFO | 2024-08-22 06:24:46,696 | views | 170 | 136527946455864 : PASSEI POR AQUI EM.
INFO | 2024-08-22 20:20:09,872 | views | 12 | 132355862989624 : PASSEI POR AQUI EM.
INFO | 2024-08-22 20:20:16,987 | views | 12 | 132355865115448 : PASSEI POR AQUI EM.
INFO | 2024-08-22 20:20:21,587 | views | 12 | 132355865115448 : PASSEI POR AQUI EM.
INFO | 2024-08-22 20:20:27,065 | views | 12 | 132355865115448 : PASSEI POR AQUI EM.
INFO | 2024-08-22 20:20:31,341 | views | 12 | 132355865115448 : PASSEI POR AQUI EM.
INFO | 2024-08-22 20:20:34,470 | views | 12 | 132355865115448 : PASSEI POR AQUI EM.
INFO | 2024-08-22 20:20:37,583 | views | 12 | 132355865115448 : PASSEI POR AQUI EM.
INFO | 2024-08-22 20:20:43,715 | views | 12 | 132355865115448 : PASSEI POR AQUI EM.
INFO | 2024-08-22 20:20:47,712 | views | 12 | 132355865115448 : PASSEI POR AQUI EM.
INFO | 2024-08-22 20:21:14,884 | views | 12 | 132355865115448 : PASSEI POR AQUI EM.
INFO | 2024-08-22 20:22:48,472 | views | 12 | 132355865115448 : PASSEI POR AQUI EM.
INFO | 2024-08-22 20:30:55,651 | views | 12 | 132355863923512 : PASSEI POR AQUI EM.
INFO | 2024-08-22 20:31:17,273 | views | 12 | 132355863923512 : PASSEI POR AQUI EM.
INFO | 2024-08-22 20:31:54,345 | views | 12 | 132355863923512 : PASSEI POR AQUI EM.
INFO | 2024-08-22 20:31:59,837 | views | 12 | 132355863923512 : PASSEI POR AQUI EM.
INFO | 2024-08-22 20:32:03,415 | views | 12 | 132355863923512 : PASSEI POR AQUI EM.
INFO | 2024-08-22 20:32:31,275 | views | 12 | 132355863923512 : PASSEI POR AQUI EM.
INFO | 2024-08-22 20:34:24,350 | views | 12 | 132355863923512 : PASSEI POR AQUI EM.
INFO | 2024-08-22 20:34:29,508 | views | 12 | 132355863923512 : PASSEI POR AQUI EM.
INFO | 2024-08-22 20:35:13,157 | views | 12 | 132355863923512 : PASSEI POR AQUI EM.
INFO | 2024-08-22 20:35:19,455 | views | 12 | 132355863923512 : PASSEI POR AQUI EM.
INFO | 2024-08-22 20:39:13,073 | views | 12 | 132355863923512 : PASSEI POR AQUI EM.
INFO | 2024-08-22 20:39:31,406 | views | 12 | 132355863923512 : PASSEI POR AQUI EM.
INFO | 2024-08-22 20:40:03,552 | views | 12 | 132355863923512 : PASSEI POR AQUI EM.
INFO | 2024-08-22 20:41:12,428 | views | 12 | 132355863923512 : PASSEI POR AQUI EM.
INFO | 2024-08-22 20:44:05,955 | views | 12 | 132355862862648 : PASSEI POR AQUI EM.
INFO | 2024-08-22 20:44:48,793 | views | 12 | 132355865017144 : PASSEI POR AQUI EM.
INFO | 2024-08-22 20:46:18,576 | views | 12 | 132355865017144 : PASSEI POR AQUI EM.
INFO | 2024-08-22 20:46:51,246 | views | 12 | 132355865017144 : PASSEI POR AQUI EM.
INFO | 2024-08-22 20:47:37,845 | views | 12 | 132355865017144 : PASSEI POR AQUI EM.
INFO | 2024-08-22 20:48:08,661 | views | 12 | 132355865017144 : PASSEI POR AQUI EM.
INFO | 2024-08-22 20:48:16,069 | views | 12 | 132355863923512 : PASSEI POR AQUI EM.
INFO | 2024-08-22 21:34:17,947 | views | 12 | 132355863890744 : PASSEI POR AQUI EM.
INFO | 2024-08-22 21:34:29,507 | views | 12 | 132355863890744 : PASSEI POR AQUI EM.
INFO | 2024-08-22 21:34:34,148 | views | 12 | 132355863890744 : PASSEI POR AQUI EM.
INFO | 2024-08-22 21:34:38,752 | views | 12 | 132355863890744 : PASSEI POR AQUI EM.
INFO | 2024-08-22 21:53:52,185 | views | 12 | 132355862793016 : PASSEI POR AQUI EM.
INFO | 2024-08-22 23:14:53,777 | views | 12 | 132355862829880 : PASSEI POR AQUI EM.
INFO | 2024-08-22 23:15:19,531 | views | 12 | 132355863890744 : PASSEI POR AQUI EM.
INFO | 2024-08-22 23:17:45,652 | views | 12 | 132355863890744 : PASSEI POR AQUI EM.
INFO | 2024-08-23 22:08:54,056 | views | 12 | 140303441087288 : PASSEI POR AQUI EM.
INFO | 2024-08-23 22:13:11,234 | views | 12 | 140303436761912 : PASSEI POR AQUI EM.
INFO | 2024-08-23 22:13:29,934 | views | 12 | 140303437822776 : PASSEI POR AQUI EM.
INFO | 2024-08-23 22:35:36,475 | views | 12 | 140303436761912 : PASSEI POR AQUI EM.
INFO | 2024-08-23 23:47:53,737 | views | 12 | 140303437822776 : PASSEI POR AQUI EM.
INFO | 2024-08-23 23:50:51,064 | views | 12 | 140303436761912 : PASSEI POR AQUI EM.
INFO | 2024-08-23 23:57:36,368 | views | 12 | 140303436761912 : PASSEI POR AQUI EM.
INFO | 2024-08-23 23:57:55,668 | views | 12 | 140303437822776 : PASSEI POR AQUI EM.
INFO | 2024-08-24 00:04:46,584 | views | 12 | 140303436761912 : PASSEI POR AQUI EM.
INFO | 2024-08-24 00:05:25,748 | views | 12 | 140303437822776 : PASSEI POR AQUI EM.
INFO | 2024-08-24 00:11:13,355 | views | 12 | 140303436761912 : PASSEI POR AQUI EM.
INFO | 2024-08-24 00:13:49,073 | views | 12 | 140303437822776 : PASSEI POR AQUI EM.
INFO | 2024-08-24 00:13:58,624 | views | 12 | 140303441054520 : PASSEI POR AQUI EM.
INFO | 2024-08-24 00:14:27,108 | views | 12 | 140303436761912 : PASSEI POR AQUI EM.
INFO | 2024-08-24 00:14:53,766 | views | 12 | 140303437822776 : PASSEI POR AQUI EM.
INFO | 2024-08-24 00:15:00,107 | views | 12 | 140303441054520 : PASSEI POR AQUI EM.
INFO | 2024-08-24 00:15:34,920 | views | 12 | 140303436761912 : PASSEI POR AQUI EM.
INFO | 2024-08-24 00:15:46,593 | views | 12 | 140303437822776 : PASSEI POR AQUI EM.
INFO | 2024-08-24 00:15:57,641 | views | 12 | 140303441054520 : PASSEI POR AQUI EM.
INFO | 2024-08-24 00:16:17,992 | views | 12 | 140303436761912 : PASSEI POR AQUI EM.
INFO | 2024-08-24 00:16:59,293 | views | 12 | 140303437822776 : PASSEI POR AQUI EM.
INFO | 2024-08-24 00:17:12,162 | views | 12 | 140303441054520 : PASSEI POR AQUI EM.
INFO | 2024-08-24 00:17:30,919 | views | 12 | 140303436761912 : PASSEI POR AQUI EM.
INFO | 2024-08-24 00:18:10,118 | views | 12 | 140303437822776 : PASSEI POR AQUI EM.
INFO | 2024-08-24 00:19:59,151 | views | 12 | 140303441054520 : PASSEI POR AQUI EM.
INFO | 2024-08-24 00:20:04,131 | views | 12 | 140303436761912 : PASSEI POR AQUI EM.
INFO | 2024-08-24 00:20:06,504 | views | 12 | 140303437822776 : PASSEI POR AQUI EM.
INFO | 2024-08-24 00:20:26,410 | views | 12 | 140303441054520 : PASSEI POR AQUI EM.
INFO | 2024-08-24 00:20:37,684 | views | 12 | 140303436761912 : PASSEI POR AQUI EM.
INFO | 2024-08-24 00:20:40,072 | views | 12 | 140303437822776 : PASSEI POR AQUI EM.
INFO | 2024-08-24 00:20:43,926 | views | 12 | 140303441054520 : PASSEI POR AQUI EM.
INFO | 2024-08-24 00:21:00,589 | views | 12 | 140303436761912 : PASSEI POR AQUI EM.
INFO | 2024-08-24 00:21:04,195 | views | 12 | 140303437822776 : PASSEI POR AQUI EM.
INFO | 2024-08-24 01:06:04,962 | views | 12 | 140303436761912 : PASSEI POR AQUI EM.
INFO | 2024-08-24 01:30:11,880 | views | 12 | 140303436761912 : PASSEI POR AQUI EM.
INFO | 2024-08-24 01:31:41,800 | views | 12 | 140303436761912 : PASSEI POR AQUI EM.
INFO | 2024-08-24 01:35:47,402 | views | 12 | 140303437822776 : PASSEI POR AQUI EM.
INFO | 2024-08-24 01:35:51,857 | views | 12 | 140303437822776 : PASSEI POR AQUI EM.
INFO | 2024-08-24 01:35:55,030 | views | 12 | 140303437822776 : PASSEI POR AQUI EM.
INFO | 2024-08-24 01:36:02,646 | views | 12 | 140303441054520 : PASSEI POR AQUI EM.
INFO | 2024-08-24 01:36:09,275 | views | 12 | 140303436761912 : PASSEI POR AQUI EM.
INFO | 2024-08-24 01:37:59,629 | views | 12 | 140303437822776 : PASSEI POR AQUI EM.
INFO | 2024-08-24 01:38:28,989 | views | 12 | 140303437822776 : PASSEI POR AQUI EM.
INFO | 2024-08-24 01:38:33,369 | views | 12 | 140303441054520 : PASSEI POR AQUI EM.
INFO | 2024-08-24 01:38:57,027 | views | 12 | 140303441054520 : PASSEI POR AQUI EM.
INFO | 2024-08-24 01:39:05,696 | views | 12 | 140303436761912 : PASSEI POR AQUI EM.
INFO | 2024-08-24 01:40:28,870 | views | 12 | 140303437822776 : PASSEI POR AQUI EM.
INFO | 2024-08-24 01:40:30,360 | views | 12 | 140303432014648 : PASSEI POR AQUI EM.
INFO | 2024-08-24 01:40:47,860 | views | 12 | 140303441054520 : PASSEI POR AQUI EM.
INFO | 2024-08-24 01:40:49,432 | views | 12 | 140303437822776 : PASSEI POR AQUI EM.
INFO | 2024-08-24 01:41:12,080 | views | 12 | 140303436761912 : PASSEI POR AQUI EM.
INFO | 2024-08-24 01:41:14,637 | views | 12 | 140303432014648 : PASSEI POR AQUI EM.
INFO | 2024-08-24 01:41:34,900 | views | 12 | 140303437822776 : PASSEI POR AQUI EM.
INFO | 2024-08-24 01:41:41,994 | views | 12 | 140303436761912 : PASSEI POR AQUI EM.
INFO | 2024-08-24 01:42:12,489 | views | 12 | 140303436761912 : PASSEI POR AQUI EM.
INFO | 2024-08-24 01:43:24,700 | views | 12 | 140303436761912 : PASSEI POR AQUI EM.
INFO | 2024-08-24 01:43:45,797 | views | 12 | 140303432014648 : PASSEI POR AQUI EM.
INFO | 2024-08-24 01:43:55,308 | views | 12 | 140303437822776 : PASSEI POR AQUI EM.
INFO | 2024-08-24 01:45:54,852 | views | 12 | 140303436761912 : PASSEI POR AQUI EM.
INFO | 2024-08-24 01:46:03,179 | views | 12 | 140303432014648 : PASSEI POR AQUI EM.
INFO | 2024-08-24 01:46:11,487 | views | 12 | 140303437822776 : PASSEI POR AQUI EM.
INFO | 2024-08-24 01:46:15,213 | views | 12 | 140303436761912 : PASSEI POR AQUI EM.
INFO | 2024-08-24 01:46:42,359 | views | 12 | 140303432014648 : PASSEI POR AQUI EM.
INFO | 2024-08-24 01:46:47,056 | views | 12 | 140303437822776 : PASSEI POR AQUI EM.
INFO | 2024-08-24 01:47:06,712 | views | 12 | 140303436761912 : PASSEI POR AQUI EM.
INFO | 2024-08-24 01:48:00,284 | views | 12 | 140303432014648 : PASSEI POR AQUI EM.
INFO | 2024-08-24 01:48:17,401 | views | 12 | 140303437822776 : PASSEI POR AQUI EM.
INFO | 2024-08-24 01:48:34,843 | views | 12 | 140303436761912 : PASSEI POR AQUI EM.
INFO | 2024-08-24 01:50:10,606 | views | 12 | 140303432014648 : PASSEI POR AQUI EM.
INFO | 2024-08-24 01:50:23,140 | views | 12 | 140303437822776 : PASSEI POR AQUI EM.
INFO | 2024-08-24 01:51:01,951 | views | 12 | 140303436761912 : PASSEI POR AQUI EM.
INFO | 2024-08-24 01:51:18,635 | views | 12 | 140303432014648 : PASSEI POR AQUI EM.
INFO | 2024-08-24 01:53:27,753 | views | 12 | 140303437822776 : PASSEI POR AQUI EM.
INFO | 2024-08-24 01:57:12,530 | views | 12 | 140303436761912 : PASSEI POR AQUI EM.
INFO | 2024-08-24 01:57:51,315 | views | 12 | 140303432014648 : PASSEI POR AQUI EM.
INFO | 2024-08-24 01:58:22,802 | views | 12 | 140303437822776 : PASSEI POR AQUI EM.
INFO | 2024-08-24 01:58:24,987 | views | 12 | 140303437822776 : PASSEI POR AQUI EM.
INFO | 2024-08-24 02:00:08,187 | views | 12 | 140303436761912 : PASSEI POR AQUI EM.
INFO | 2024-08-24 02:00:45,114 | views | 12 | 140303432014648 : PASSEI POR AQUI EM.
INFO | 2024-08-24 02:00:51,461 | views | 12 | 140303437822776 : PASSEI POR AQUI EM.
INFO | 2024-08-24 02:00:55,487 | views | 12 | 140303436761912 : PASSEI POR AQUI EM.
INFO | 2024-08-24 02:01:16,639 | views | 12 | 140303432014648 : PASSEI POR AQUI EM.
INFO | 2024-08-24 02:03:43,234 | views | 12 | 140303437822776 : PASSEI POR AQUI EM.
INFO | 2024-08-24 02:03:48,138 | views | 12 | 140303436761912 : PASSEI POR AQUI EM.
INFO | 2024-08-24 02:04:00,837 | views | 12 | 140303432014648 : PASSEI POR AQUI EM.
INFO | 2024-08-24 02:05:18,225 | views | 12 | 140303437822776 : PASSEI POR AQUI EM.
INFO | 2024-08-24 02:05:49,997 | views | 12 | 140303436761912 : PASSEI POR AQUI EM.
INFO | 2024-08-24 02:06:11,196 | views | 12 | 140303432014648 : PASSEI POR AQUI EM.
INFO | 2024-08-24 02:12:37,803 | views | 12 | 140303432014648 : PASSEI POR AQUI EM.
INFO | 2024-08-24 02:13:11,809 | views | 12 | 140303436761912 : PASSEI POR AQUI EM.
INFO | 2024-08-24 02:17:55,408 | views | 12 | 140303437822776 : PASSEI POR AQUI EM.
INFO | 2024-08-24 02:17:59,805 | views | 12 | 140303432014648 : PASSEI POR AQUI EM.
INFO | 2024-08-24 02:18:37,907 | views | 12 | 140303436761912 : PASSEI POR AQUI EM.
INFO | 2024-08-24 02:18:44,814 | views | 12 | 140303437822776 : PASSEI POR AQUI EM.
INFO | 2024-08-24 02:18:49,816 | views | 12 | 140303432014648 : PASSEI POR AQUI EM.
INFO | 2024-08-24 02:19:47,802 | views | 12 | 140303436761912 : PASSEI POR AQUI EM.
INFO | 2024-08-24 02:20:15,807 | views | 12 | 140303437822776 : PASSEI POR AQUI EM.
INFO | 2024-08-24 02:20:17,842 | views | 12 | 140303437822776 : PASSEI POR AQUI EM.
INFO | 2024-08-24 02:20:31,570 | views | 12 | 140303432014648 : PASSEI POR AQUI EM.
INFO | 2024-08-24 02:20:42,873 | views | 12 | 140303436761912 : PASSEI POR AQUI EM.
INFO | 2024-08-24 02:20:45,120 | views | 12 | 140303437822776 : PASSEI POR AQUI EM.
INFO | 2024-08-24 02:20:49,891 | views | 12 | 140303432014648 : PASSEI POR AQUI EM.
INFO | 2024-08-24 02:20:51,903 | views | 12 | 140303430953784 : PASSEI POR AQUI EM.
INFO | 2024-08-24 02:21:00,859 | views | 12 | 140303436761912 : PASSEI POR AQUI EM.
INFO | 2024-08-24 02:21:02,736 | views | 12 | 140303432014648 : PASSEI POR AQUI EM.
INFO | 2024-08-24 02:22:12,536 | views | 12 | 140303437822776 : PASSEI POR AQUI EM.
INFO | 2024-08-24 02:22:16,087 | views | 12 | 140303430953784 : PASSEI POR AQUI EM.
INFO | 2024-08-24 02:23:36,430 | views | 12 | 140303430953784 : PASSEI POR AQUI EM.
INFO | 2024-08-24 02:24:28,958 | views | 12 | 140303430953784 : PASSEI POR AQUI EM.
INFO | 2024-08-24 02:24:34,575 | views | 12 | 140303430953784 : PASSEI POR AQUI EM.
INFO | 2024-08-24 02:24:52,514 | views | 12 | 140303432014648 : PASSEI POR AQUI EM.
INFO | 2024-08-24 02:25:02,171 | views | 12 | 140303437822776 : PASSEI POR AQUI EM.
INFO | 2024-08-24 02:26:03,340 | views | 12 | 140303430953784 : PASSEI POR AQUI EM.
INFO | 2024-08-24 02:26:19,825 | views | 12 | 140303430953784 : PASSEI POR AQUI EM.
INFO | 2024-08-24 02:27:38,778 | views | 12 | 140303430953784 : PASSEI POR AQUI EM.
INFO | 2024-08-24 02:27:50,249 | views | 12 | 140303430953784 : PASSEI POR AQUI EM.
INFO | 2024-08-24 02:27:54,655 | views | 12 | 140303430953784 : PASSEI POR AQUI EM.
INFO | 2024-08-24 02:28:14,112 | views | 12 | 140303430953784 : PASSEI POR AQUI EM.
INFO | 2024-08-24 02:28:33,784 | views | 12 | 140303430953784 : PASSEI POR AQUI EM.
INFO | 2024-08-24 02:28:37,128 | views | 12 | 140303430953784 : PASSEI POR AQUI EM.
INFO | 2024-08-24 02:29:31,565 | views | 12 | 140303430953784 : PASSEI POR AQUI EM.
INFO | 2024-08-24 02:29:34,649 | views | 12 | 140303432014648 : PASSEI POR AQUI EM.
INFO | 2024-08-24 02:29:47,280 | views | 12 | 140303437822776 : PASSEI POR AQUI EM.
INFO | 2024-08-24 02:29:49,457 | views | 12 | 140303437822776 : PASSEI POR AQUI EM.
INFO | 2024-08-24 02:34:18,811 | views | 12 | 140303437822776 : PASSEI POR AQUI EM.
INFO | 2024-08-24 02:34:31,801 | views | 12 | 140303437822776 : PASSEI POR AQUI EM.
INFO | 2024-08-24 02:34:51,804 | views | 12 | 140303437822776 : PASSEI POR AQUI EM.
INFO | 2024-08-24 02:35:03,311 | views | 12 | 140303432014648 : PASSEI POR AQUI EM.
INFO | 2024-08-24 02:37:21,012 | views | 12 | 140303432014648 : PASSEI POR AQUI EM.
INFO | 2024-08-24 02:37:25,413 | views | 12 | 140303436761912 : PASSEI POR AQUI EM.
INFO | 2024-08-24 02:38:04,525 | views | 12 | 140303436761912 : PASSEI POR AQUI EM.
INFO | 2024-08-24 02:39:01,796 | views | 12 | 140303436761912 : PASSEI POR AQUI EM.
INFO | 2024-08-24 02:41:32,991 | views | 12 | 140303437822776 : PASSEI POR AQUI EM.
INFO | 2024-08-24 02:41:42,031 | views | 12 | 140303432014648 : PASSEI POR AQUI EM.
INFO | 2024-08-24 02:42:06,435 | views | 12 | 140303436761912 : PASSEI POR AQUI EM.
INFO | 2024-08-24 02:42:12,331 | views | 12 | 140303437822776 : PASSEI POR AQUI EM.
INFO | 2024-08-24 02:42:16,265 | views | 12 | 140303432014648 : PASSEI POR AQUI EM.
INFO | 2024-08-24 02:42:19,495 | views | 12 | 140303436761912 : PASSEI POR AQUI EM.
INFO | 2024-08-24 02:43:14,710 | views | 12 | 140303437822776 : PASSEI POR AQUI EM.
INFO | 2024-08-24 02:43:18,544 | views | 12 | 140303432014648 : PASSEI POR AQUI EM.
INFO | 2024-08-24 02:43:40,054 | views | 12 | 140303436761912 : PASSEI POR AQUI EM.
INFO | 2024-08-24 02:43:57,830 | views | 12 | 140303437822776 : PASSEI POR AQUI EM.
INFO | 2024-08-24 02:44:00,508 | views | 12 | 140303432014648 : PASSEI POR AQUI EM.
INFO | 2024-08-24 02:44:39,807 | views | 12 | 140303437822776 : PASSEI POR AQUI EM.
INFO | 2024-08-24 02:45:13,852 | views | 12 | 140303436761912 : PASSEI POR AQUI EM.
INFO | 2024-08-24 02:45:18,846 | views | 12 | 140303436761912 : PASSEI POR AQUI EM.
INFO | 2024-08-24 02:45:32,852 | views | 12 | 140303432014648 : PASSEI POR AQUI EM.
INFO | 2024-08-24 02:47:20,002 | views | 12 | 140303437822776 : PASSEI POR AQUI EM.
INFO | 2024-08-24 02:47:36,472 | views | 12 | 140303437822776 : PASSEI POR AQUI EM.
INFO | 2024-08-24 02:47:39,680 | views | 12 | 140303437822776 : PASSEI POR AQUI EM.
INFO | 2024-08-24 02:58:18,888 | views | 12 | 140303437822776 : PASSEI POR AQUI EM.
INFO | 2024-08-24 03:00:33,522 | views | 12 | 140303437822776 : PASSEI POR AQUI EM.
INFO | 2024-08-24 03:07:00,306 | views | 12 | 140303437822776 : PASSEI POR AQUI EM.
INFO | 2024-08-24 03:07:04,061 | views | 12 | 140303432014648 : PASSEI POR AQUI EM.
INFO | 2024-08-24 03:07:32,679 | views | 12 | 140303432014648 : PASSEI POR AQUI EM.
INFO | 2024-08-24 03:07:38,454 | views | 12 | 140303432014648 : PASSEI POR AQUI EM.
INFO | 2024-08-24 03:07:42,728 | views | 12 | 140303432014648 : PASSEI POR AQUI EM.
INFO | 2024-08-24 03:07:48,563 | views | 12 | 140303432014648 : PASSEI POR AQUI EM.
INFO | 2024-08-24 03:08:27,969 | views | 12 | 140303436761912 : PASSEI POR AQUI EM.
INFO | 2024-08-24 03:08:32,012 | views | 12 | 140303436761912 : PASSEI POR AQUI EM.
INFO | 2024-08-24 03:08:36,074 | views | 12 | 140303436761912 : PASSEI POR AQUI EM.
INFO | 2024-08-24 03:08:49,652 | views | 12 | 140303436761912 : PASSEI POR AQUI EM.
INFO | 2024-08-24 03:09:25,408 | views | 12 | 140303436761912 : PASSEI POR AQUI EM.
INFO | 2024-08-24 03:09:30,883 | views | 12 | 140303436761912 : PASSEI POR AQUI EM.
INFO | 2024-08-24 03:11:21,976 | views | 12 | 140303436761912 : PASSEI POR AQUI EM.
INFO | 2024-08-24 03:11:24,032 | views | 12 | 140303436761912 : PASSEI POR AQUI EM.
INFO | 2024-08-25 20:33:29,716 | views | 12 | 125978541988664 : PASSEI POR AQUI EM.
ERROR | 2024-08-26 04:06:16,388 | views | 284 | 123931992124216 : Error has ocurred: $'Response' object has no attribute 'POST'
ERROR | 2024-08-26 04:06:29,563 | views | 288 | 124356548176696 : Error has ocurred: $'Response' object has no attribute 'DATA'
ERROR | 2024-08-26 05:38:38,222 | views | 14 | 127072113314616 : Error has ocurred: $Expecting value: line 1 column 1 (char 0)
ERROR | 2024-08-26 05:38:38,410 | views | 14 | 127072111082296 : Error has ocurred: $Expecting value: line 1 column 1 (char 0)
ERROR | 2024-08-26 05:38:41,373 | views | 14 | 127072111082296 : Error has ocurred: $Expecting value: line 1 column 1 (char 0)
ERROR | 2024-08-26 05:42:18,006 | views | 22 | 136179877022520 : Error has ocurred: $Expecting value: line 1 column 1 (char 0)
ERROR | 2024-08-26 05:45:34,566 | views | 34 | 128415688461112 : Error has ocurred: $Expecting value: line 1 column 1 (char 0)
INFO | 2024-08-27 21:42:47,589 | views | 12 | 126514185038648 : PASSEI POR AQUI EM.
INFO | 2024-08-29 10:37:52,471 | views | 12 | 133066176035640 : PASSEI POR AQUI EM.
INFO | 2024-08-29 20:41:55,005 | views | 13 | 138947353901880 : PASSEI POR AQUI EM.
INFO | 2024-08-31 21:51:31,867 | views | 254 | 127227276544824 : PASSEI POR AQUI EM.
INFO | 2024-08-31 21:52:55,091 | views | 254 | 127227286944568 : PASSEI POR AQUI EM.
INFO | 2024-08-31 21:53:26,048 | views | 254 | 127227285867320 : PASSEI POR AQUI EM.
INFO | 2024-08-31 21:53:32,011 | views | 254 | 127227276544824 : PASSEI POR AQUI EM.
INFO | 2024-08-31 21:53:36,972 | views | 254 | 127227286944568 : PASSEI POR AQUI EM.
INFO | 2024-08-31 21:53:40,405 | views | 254 | 127227285867320 : PASSEI POR AQUI EM.
INFO | 2024-08-31 21:54:05,854 | views | 254 | 127227276544824 : PASSEI POR AQUI EM.
INFO | 2024-08-31 21:54:07,623 | views | 254 | 127227275483960 : PASSEI POR AQUI EM.
INFO | 2024-08-31 21:54:30,532 | views | 254 | 127227286944568 : PASSEI POR AQUI EM.
INFO | 2024-08-31 21:54:54,033 | views | 254 | 127227285867320 : PASSEI POR AQUI EM.
INFO | 2024-08-31 21:54:56,466 | views | 254 | 127227275483960 : PASSEI POR AQUI EM.
INFO | 2024-08-31 21:54:59,554 | views | 254 | 127227286944568 : PASSEI POR AQUI EM.
INFO | 2024-08-31 21:55:28,849 | views | 254 | 127227285867320 : PASSEI POR AQUI EM.
INFO | 2024-08-31 22:06:40,742 | views | 254 | 127227276544824 : PASSEI POR AQUI EM.
INFO | 2024-08-31 22:07:03,284 | views | 254 | 127227277605688 : PASSEI POR AQUI EM.
INFO | 2024-08-31 22:07:27,936 | views | 254 | 127227285895992 : PASSEI POR AQUI EM.
INFO | 2024-08-31 22:08:53,268 | views | 254 | 127227276544824 : PASSEI POR AQUI EM.
INFO | 2024-08-31 22:09:11,489 | views | 254 | 127227277605688 : PASSEI POR AQUI EM.
INFO | 2024-08-31 22:12:11,051 | views | 254 | 127227285895992 : PASSEI POR AQUI EM.
INFO | 2024-08-31 22:12:27,283 | views | 254 | 127227276544824 : PASSEI POR AQUI EM.
INFO | 2024-08-31 22:12:45,103 | views | 254 | 127227277605688 : PASSEI POR AQUI EM.
INFO | 2024-08-31 22:13:02,363 | views | 254 | 127227285895992 : PASSEI POR AQUI EM.
INFO | 2024-08-31 22:15:05,138 | views | 254 | 127227285895992 : PASSEI POR AQUI EM.
INFO | 2024-08-31 22:15:09,288 | views | 254 | 127227285895992 : PASSEI POR AQUI EM.
INFO | 2024-08-31 22:15:19,452 | views | 254 | 127227285895992 : PASSEI POR AQUI EM.
INFO | 2024-08-31 22:17:02,767 | views | 254 | 127227276544824 : PASSEI POR AQUI EM.
INFO | 2024-08-31 22:17:14,885 | views | 254 | 127227276544824 : PASSEI POR AQUI EM.
INFO | 2024-08-31 22:17:19,387 | views | 254 | 127227276544824 : PASSEI POR AQUI EM.
INFO | 2024-08-31 22:19:11,029 | views | 254 | 127227276544824 : PASSEI POR AQUI EM.
INFO | 2024-08-31 22:19:19,641 | views | 254 | 127227276544824 : PASSEI POR AQUI EM.
INFO | 2024-08-31 22:19:26,149 | views | 254 | 127227276544824 : PASSEI POR AQUI EM.
INFO | 2024-08-31 22:24:51,708 | views | 254 | 127227277605688 : PASSEI POR AQUI EM.
INFO | 2024-08-31 22:25:02,694 | views | 254 | 127227277605688 : PASSEI POR AQUI EM.
INFO | 2024-08-31 22:25:40,711 | views | 254 | 127227277605688 : PASSEI POR AQUI EM.
INFO | 2024-08-31 22:25:52,685 | views | 254 | 127227277605688 : PASSEI POR AQUI EM.
INFO | 2024-08-31 22:26:25,845 | views | 254 | 127227285895992 : PASSEI POR AQUI EM.
INFO | 2024-08-31 22:27:59,744 | views | 254 | 127227285895992 : PASSEI POR AQUI EM.
INFO | 2024-08-31 22:28:18,689 | views | 254 | 127227285895992 : PASSEI POR AQUI EM.
INFO | 2024-08-31 22:28:21,645 | views | 254 | 127227285895992 : PASSEI POR AQUI EM.
INFO | 2024-08-31 22:28:28,947 | views | 254 | 127227276544824 : PASSEI POR AQUI EM.
INFO | 2024-08-31 22:28:33,127 | views | 254 | 127227276544824 : PASSEI POR AQUI EM.
INFO | 2024-08-31 22:28:36,599 | views | 254 | 127227276544824 : PASSEI POR AQUI EM.
INFO | 2024-08-31 22:31:06,447 | views | 254 | 127227276544824 : PASSEI POR AQUI EM.
INFO | 2024-08-31 22:31:20,961 | views | 254 | 127227276544824 : PASSEI POR AQUI EM.
INFO | 2024-08-31 22:31:41,883 | views | 254 | 127227276544824 : PASSEI POR AQUI EM.
INFO | 2024-08-31 22:31:45,539 | views | 254 | 127227276544824 : PASSEI POR AQUI EM.
INFO | 2024-08-31 22:32:09,592 | views | 254 | 127227276544824 : PASSEI POR AQUI EM.
INFO | 2024-08-31 22:32:14,071 | views | 254 | 127227276544824 : PASSEI POR AQUI EM.
INFO | 2024-08-31 22:32:22,066 | views | 254 | 127227276544824 : PASSEI POR AQUI EM.
INFO | 2024-08-31 22:36:13,647 | views | 254 | 127227276544824 : PASSEI POR AQUI EM.
INFO | 2024-08-31 22:36:18,693 | views | 254 | 127227276544824 : PASSEI POR AQUI EM.
INFO | 2024-08-31 22:36:23,770 | views | 254 | 127227276544824 : PASSEI POR AQUI EM.
INFO | 2024-08-31 22:36:29,498 | views | 254 | 127227276544824 : PASSEI POR AQUI EM.
INFO | 2024-08-31 22:36:40,920 | views | 254 | 127227276544824 : PASSEI POR AQUI EM.
INFO | 2024-08-31 22:36:44,447 | views | 254 | 127227276544824 : PASSEI POR AQUI EM.
INFO | 2024-08-31 22:37:09,197 | views | 254 | 127227276544824 : PASSEI POR AQUI EM.
INFO | 2024-08-31 22:37:12,680 | views | 254 | 127227276544824 : PASSEI POR AQUI EM.
INFO | 2024-08-31 22:37:57,973 | views | 254 | 127227276544824 : PASSEI POR AQUI EM.
INFO | 2024-08-31 22:38:06,395 | views | 254 | 127227276544824 : PASSEI POR AQUI EM.
INFO | 2024-08-31 22:38:10,875 | views | 254 | 127227276544824 : PASSEI POR AQUI EM.
INFO | 2024-08-31 22:38:26,717 | views | 254 | 127227276544824 : PASSEI POR AQUI EM.
INFO | 2024-08-31 22:38:38,692 | views | 254 | 127227277605688 : PASSEI POR AQUI EM.
INFO | 2024-08-31 22:41:04,926 | views | 254 | 127227285895992 : PASSEI POR AQUI EM.
INFO | 2024-08-31 22:41:13,643 | views | 254 | 127227276544824 : PASSEI POR AQUI EM.
INFO | 2024-08-31 22:43:07,586 | views | 254 | 127227277605688 : PASSEI POR AQUI EM.
INFO | 2024-08-31 22:44:14,031 | views | 254 | 127227285895992 : PASSEI POR AQUI EM.
INFO | 2024-08-31 22:44:53,319 | views | 254 | 127227276544824 : PASSEI POR AQUI EM.
INFO | 2024-08-31 22:45:45,742 | views | 254 | 127227277605688 : PASSEI POR AQUI EM.
INFO | 2024-08-31 22:48:05,520 | views | 254 | 127227285895992 : PASSEI POR AQUI EM.
INFO | 2024-08-31 22:48:09,208 | views | 254 | 127227276544824 : PASSEI POR AQUI EM.
INFO | 2024-08-31 22:48:20,802 | views | 254 | 127227277605688 : PASSEI POR AQUI EM.
INFO | 2024-08-31 22:49:23,297 | views | 254 | 127227285895992 : PASSEI POR AQUI EM.
INFO | 2024-08-31 22:49:27,953 | views | 254 | 127227276544824 : PASSEI POR AQUI EM.
INFO | 2024-08-31 22:49:35,913 | views | 254 | 127227277605688 : PASSEI POR AQUI EM.
INFO | 2024-08-31 22:52:29,207 | views | 513 | 135781443377976 : PASSEI POR AQUI EM.
INFO | 2024-08-31 22:53:36,176 | views | 513 | 135781442317112 : PASSEI POR AQUI EM.
INFO | 2024-08-31 22:54:05,461 | views | 513 | 135781448702776 : PASSEI POR AQUI EM.
INFO | 2024-08-31 22:54:41,949 | views | 513 | 135781443377976 : PASSEI POR AQUI EM.
INFO | 2024-08-31 22:55:20,820 | views | 513 | 135781442317112 : PASSEI POR AQUI EM.
INFO | 2024-08-31 22:55:25,950 | views | 513 | 135781448702776 : PASSEI POR AQUI EM.
INFO | 2024-08-31 22:57:09,026 | views | 513 | 135781443377976 : PASSEI POR AQUI EM.
INFO | 2024-08-31 22:57:47,059 | views | 513 | 135781442317112 : PASSEI POR AQUI EM.
INFO | 2024-08-31 22:57:51,467 | views | 513 | 135781448702776 : PASSEI POR AQUI EM.
INFO | 2024-08-31 22:57:57,709 | views | 513 | 135781443377976 : PASSEI POR AQUI EM.
INFO | 2024-08-31 22:58:38,433 | views | 513 | 135781442317112 : PASSEI POR AQUI EM.
INFO | 2024-08-31 22:59:33,147 | views | 513 | 135781448702776 : PASSEI POR AQUI EM.
INFO | 2024-08-31 23:00:00,386 | views | 513 | 135781443377976 : PASSEI POR AQUI EM.
INFO | 2024-08-31 23:00:12,370 | views | 513 | 135781442317112 : PASSEI POR AQUI EM.
INFO | 2024-08-31 23:00:25,940 | views | 513 | 135781448702776 : PASSEI POR AQUI EM.
INFO | 2024-08-31 23:00:39,196 | views | 513 | 135781443377976 : PASSEI POR AQUI EM.
INFO | 2024-08-31 23:01:13,254 | views | 513 | 135781442317112 : PASSEI POR AQUI EM.
INFO | 2024-08-31 23:01:31,049 | views | 513 | 135781448702776 : PASSEI POR AQUI EM.
INFO | 2024-08-31 23:01:42,398 | views | 513 | 135781443377976 : PASSEI POR AQUI EM.
INFO | 2024-08-31 23:02:52,831 | views | 513 | 135781442317112 : PASSEI POR AQUI EM.
INFO | 2024-08-31 23:02:55,391 | views | 513 | 135781436496696 : PASSEI POR AQUI EM.
INFO | 2024-08-31 23:03:55,642 | views | 513 | 135781448702776 : PASSEI POR AQUI EM.
INFO | 2024-08-31 23:03:58,062 | views | 513 | 135781448702776 : PASSEI POR AQUI EM.
INFO | 2024-08-31 23:04:17,619 | views | 513 | 135781443377976 : PASSEI POR AQUI EM.
INFO | 2024-08-31 23:04:20,547 | views | 513 | 135781436496696 : PASSEI POR AQUI EM.
INFO | 2024-09-02 11:54:47,407 | views | 12 | 135585798437688 : PASSEI POR AQUI EM.
INFO | 2024-09-04 21:01:40,667 | views | 12 | 126745270721336 : PASSEI POR AQUI EM.
INFO | 2024-09-07 01:28:55,080 | views | 12 | 139596740074296 : PASSEI POR AQUI EM.
INFO | 2024-09-07 01:52:38,716 | views | 12 | 139596740074296 : PASSEI POR AQUI EM.
INFO | 2024-09-07 02:42:23,126 | views | 12 | 139596728318776 : PASSEI POR AQUI EM.
INFO | 2024-09-10 22:11:09,127 | views | 13 | 133404881025848 : PASSEI POR AQUI EM.
INFO | 2024-09-11 05:50:28,496 | views | 450 | 123945780849464 : PASSEI POR AQUI EM.
INFO | 2024-09-11 05:52:18,072 | views | 475 | 131222751820600 : PASSEI POR AQUI EM.
INFO | 2024-09-11 05:54:20,164 | views | 482 | 129850513292088 : PASSEI POR AQUI EM.
INFO | 2024-09-11 05:55:55,915 | views | 491 | 136910726511416 : PASSEI POR AQUI EM.
INFO | 2024-09-11 05:57:19,260 | views | 491 | 136910733126456 : PASSEI POR AQUI EM.
INFO | 2024-09-11 06:00:14,555 | views | 506 | 127446161304376 : PASSEI POR AQUI EM.
INFO | 2024-09-11 06:01:02,622 | views | 515 | 137955891530552 : PASSEI POR AQUI EM.
INFO | 2024-09-11 06:04:38,981 | views | 526 | 136464633039672 : PASSEI POR AQUI EM.
INFO | 2024-09-11 06:12:19,527 | views | 526 | 136464633039672 : PASSEI POR AQUI EM.
INFO | 2024-09-11 06:14:15,408 | views | 526 | 136464639736632 : PASSEI POR AQUI EM.
INFO | 2024-09-11 06:15:03,758 | views | 526 | 136464633039672 : PASSEI POR AQUI EM.
INFO | 2024-09-12 12:03:23,719 | views | 12 | 136082655198008 : PASSEI POR AQUI EM.
INFO | 2024-09-12 12:39:04,889 | views | 33 | 137585544493880 : PASSEI POR AQUI EM.
INFO | 2024-09-12 12:56:21,195 | views | 54 | 124666526321464 : PASSEI POR AQUI EM.
INFO | 2024-09-12 12:57:10,541 | views | 61 | 123637713394488 : PASSEI POR AQUI EM.
INFO | 2024-09-12 13:13:32,236 | views | 90 | 132881016056632 : PASSEI POR AQUI EM.
INFO | 2024-09-12 13:16:01,585 | views | 97 | 128574348135224 : PASSEI POR AQUI EM.
INFO | 2024-09-12 13:21:02,304 | views | 108 | 126780811692856 : PASSEI POR AQUI EM.
INFO | 2024-09-12 13:22:02,073 | views | 108 | 126780818811704 : PASSEI POR AQUI EM.
INFO | 2024-09-12 13:22:10,841 | views | 108 | 126780811692856 : PASSEI POR AQUI EM.
INFO | 2024-09-12 13:25:32,495 | views | 108 | 126780818811704 : PASSEI POR AQUI EM.
INFO | 2024-09-12 13:26:38,554 | views | 108 | 126780811692856 : PASSEI POR AQUI EM.
INFO | 2024-09-12 13:26:57,016 | views | 108 | 126780818811704 : PASSEI POR AQUI EM.
INFO | 2024-09-12 13:27:09,126 | views | 108 | 126780811692856 : PASSEI POR AQUI EM.
INFO | 2024-09-12 13:27:14,686 | views | 108 | 126780818811704 : PASSEI POR AQUI EM.
INFO | 2024-09-12 13:27:26,283 | views | 108 | 126780811692856 : PASSEI POR AQUI EM.
INFO | 2024-09-12 13:34:12,768 | views | 108 | 126780811692856 : PASSEI POR AQUI EM.
INFO | 2024-09-12 13:36:26,459 | views | 108 | 126780811692856 : PASSEI POR AQUI EM.
INFO | 2024-09-12 13:36:32,298 | views | 108 | 126780818811704 : PASSEI POR AQUI EM.
INFO | 2024-09-12 13:36:36,788 | views | 108 | 126780811692856 : PASSEI POR AQUI EM.
INFO | 2024-09-12 13:37:04,082 | views | 108 | 126780818811704 : PASSEI POR AQUI EM.
INFO | 2024-09-12 13:37:18,304 | views | 108 | 126780811692856 : PASSEI POR AQUI EM.
INFO | 2024-09-12 13:41:02,124 | views | 108 | 126780818811704 : PASSEI POR AQUI EM.
INFO | 2024-09-12 13:41:05,701 | views | 108 | 126780811692856 : PASSEI POR AQUI EM.
INFO | 2024-09-12 13:41:11,212 | views | 108 | 126780818811704 : PASSEI POR AQUI EM.
INFO | 2024-09-12 13:41:15,723 | views | 108 | 126780811692856 : PASSEI POR AQUI EM.
INFO | 2024-09-12 13:41:20,052 | views | 108 | 126780818811704 : PASSEI POR AQUI EM.
INFO | 2024-09-12 13:42:00,265 | views | 108 | 126780811692856 : PASSEI POR AQUI EM.
INFO | 2024-09-12 13:42:13,701 | views | 108 | 126780818811704 : PASSEI POR AQUI EM.
INFO | 2024-09-12 13:42:33,485 | views | 108 | 126780811692856 : PASSEI POR AQUI EM.
INFO | 2024-09-12 13:44:55,981 | views | 108 | 126780818811704 : PASSEI POR AQUI EM.
INFO | 2024-09-12 13:45:06,341 | views | 108 | 126780811692856 : PASSEI POR AQUI EM.
INFO | 2024-09-12 13:47:31,457 | views | 108 | 126780818811704 : PASSEI POR AQUI EM.
INFO | 2024-09-12 13:47:52,168 | views | 108 | 126780811692856 : PASSEI POR AQUI EM.
INFO | 2024-09-12 13:48:22,607 | views | 108 | 126780818811704 : PASSEI POR AQUI EM.
INFO | 2024-09-12 13:48:36,298 | views | 108 | 126780811692856 : PASSEI POR AQUI EM.
INFO | 2024-09-12 13:48:41,093 | views | 108 | 126780818811704 : PASSEI POR AQUI EM.
INFO | 2024-09-12 13:49:06,766 | views | 108 | 126780811692856 : PASSEI POR AQUI EM.
INFO | 2024-09-12 13:50:12,092 | views | 108 | 126780818811704 : PASSEI POR AQUI EM.
INFO | 2024-09-12 13:53:46,497 | views | 108 | 126780811692856 : PASSEI POR AQUI EM.
INFO | 2024-09-12 14:00:18,385 | views | 108 | 126780812753720 : PASSEI POR AQUI EM.
INFO | 2024-09-12 14:01:15,100 | views | 108 | 126780811692856 : PASSEI POR AQUI EM.
INFO | 2024-09-12 14:03:15,133 | views | 108 | 126780812753720 : PASSEI POR AQUI EM.
INFO | 2024-09-12 14:05:02,822 | views | 108 | 126780811692856 : PASSEI POR AQUI EM.
INFO | 2024-09-12 14:05:59,068 | views | 163 | 139991951563576 : PASSEI POR AQUI EM.
INFO | 2024-09-12 14:06:42,389 | views | 163 | 139991958227768 : PASSEI POR AQUI EM.
INFO | 2024-09-12 14:07:34,139 | views | 163 | 139991951563576 : PASSEI POR AQUI EM.
INFO | 2024-09-12 14:07:38,503 | views | 163 | 139991958227768 : PASSEI POR AQUI EM.
INFO | 2024-09-12 14:18:23,611 | views | 163 | 139991951563576 : PASSEI POR AQUI EM.
INFO | 2024-09-12 14:19:58,521 | views | 163 | 139991958227768 : PASSEI POR AQUI EM.
INFO | 2024-09-12 14:20:24,185 | views | 163 | 139991951563576 : PASSEI POR AQUI EM.
INFO | 2024-09-12 14:21:18,436 | views | 163 | 139991958227768 : PASSEI POR AQUI EM.
INFO | 2024-09-12 14:21:24,511 | views | 163 | 139991951563576 : PASSEI POR AQUI EM.
INFO | 2024-09-12 14:21:49,913 | views | 163 | 139991958227768 : PASSEI POR AQUI EM.
INFO | 2024-09-12 14:22:12,240 | views | 163 | 139991951563576 : PASSEI POR AQUI EM.
INFO | 2024-09-12 14:22:14,713 | views | 163 | 139991951563576 : PASSEI POR AQUI EM.
INFO | 2024-09-12 14:22:57,705 | views | 163 | 139991952624440 : PASSEI POR AQUI EM.
INFO | 2024-09-12 14:23:08,694 | views | 163 | 139991951563576 : PASSEI POR AQUI EM.
INFO | 2024-09-12 14:23:17,285 | views | 163 | 139991952624440 : PASSEI POR AQUI EM.
INFO | 2024-09-12 14:23:22,356 | views | 163 | 139991951563576 : PASSEI POR AQUI EM.
INFO | 2024-09-12 14:23:27,487 | views | 163 | 139991952624440 : PASSEI POR AQUI EM.
INFO | 2024-09-12 14:26:43,876 | views | 163 | 139991951563576 : PASSEI POR AQUI EM.
INFO | 2024-09-12 15:50:20,309 | views | 163 | 139991951563576 : PASSEI POR AQUI EM.
INFO | 2024-09-12 15:51:21,169 | views | 163 | 139991958227768 : PASSEI POR AQUI EM.
INFO | 2024-09-12 15:55:31,874 | views | 163 | 139991951563576 : PASSEI POR AQUI EM.
INFO | 2024-09-12 15:56:50,767 | views | 163 | 139991958227768 : PASSEI POR AQUI EM.
INFO | 2024-09-12 15:59:43,237 | views | 163 | 139991951563576 : PASSEI POR AQUI EM.
INFO | 2024-09-12 16:02:12,671 | views | 163 | 139991958227768 : PASSEI POR AQUI EM.
INFO | 2024-09-12 16:03:55,877 | views | 163 | 139991951563576 : PASSEI POR AQUI EM.
INFO | 2024-09-12 16:04:21,012 | views | 163 | 139991958227768 : PASSEI POR AQUI EM.
INFO | 2024-09-12 16:07:47,603 | views | 163 | 139991951563576 : PASSEI POR AQUI EM.
INFO | 2024-09-12 16:08:13,558 | views | 163 | 139991958227768 : PASSEI POR AQUI EM.
INFO | 2024-09-12 16:08:42,201 | views | 163 | 139991952624440 : PASSEI POR AQUI EM.
INFO | 2024-09-12 16:08:44,256 | views | 163 | 139991958227768 : PASSEI POR AQUI EM.
INFO | 2024-09-12 16:09:30,269 | views | 163 | 139991951563576 : PASSEI POR AQUI EM.
INFO | 2024-09-12 16:18:55,346 | views | 163 | 139991951563576 : PASSEI POR AQUI EM.
INFO | 2024-09-12 16:26:16,116 | views | 163 | 139991951563576 : PASSEI POR AQUI EM.
INFO | 2024-09-12 16:28:57,821 | views | 163 | 139991958227768 : PASSEI POR AQUI EM.
INFO | 2024-09-12 16:30:22,882 | views | 163 | 139991951563576 : PASSEI POR AQUI EM.
INFO | 2024-09-12 16:30:31,160 | views | 163 | 139991958227768 : PASSEI POR AQUI EM.
INFO | 2024-09-12 16:31:58,231 | views | 163 | 139991951563576 : PASSEI POR AQUI EM.
INFO | 2024-09-12 16:34:43,146 | views | 163 | 139991958227768 : PASSEI POR AQUI EM.
INFO | 2024-09-12 17:01:12,335 | views | 163 | 139991951563576 : PASSEI POR AQUI EM.
INFO | 2024-09-12 17:04:43,224 | views | 230 | 138229705874232 : PASSEI POR AQUI EM.
INFO | 2024-09-12 17:06:55,616 | views | 237 | 125638446754616 : PASSEI POR AQUI EM.
INFO | 2024-09-12 17:07:11,964 | views | 244 | 124548882090808 : PASSEI POR AQUI EM.
INFO | 2024-09-12 17:07:28,401 | views | 251 | 133948532501304 : PASSEI POR AQUI EM.
INFO | 2024-09-12 17:10:10,218 | views | 264 | 138277065636664 : PASSEI POR AQUI EM.
INFO | 2024-09-12 17:11:17,617 | views | 264 | 138277065636664 : PASSEI POR AQUI EM.
INFO | 2024-09-12 17:13:17,672 | views | 282 | 126437608344376 : PASSEI POR AQUI EM.
INFO | 2024-09-12 20:06:46,494 | views | 12 | 131945129073464 : PASSEI POR AQUI EM.
INFO | 2024-09-12 20:36:28,281 | views | 12 | 131945130134328 : PASSEI POR AQUI EM.
INFO | 2024-09-13 03:21:17,785 | views | 12 | 132810471566136 : PASSEI POR AQUI EM.
INFO | 2024-09-13 03:21:51,045 | views | 12 | 132810482629432 : PASSEI POR AQUI EM.
INFO | 2024-09-13 03:22:11,500 | views | 12 | 132810471566136 : PASSEI POR AQUI EM.
INFO | 2024-09-13 03:23:51,249 | views | 12 | 132810482629432 : PASSEI POR AQUI EM.
INFO | 2024-09-13 03:24:14,143 | views | 12 | 132810477009720 : PASSEI POR AQUI EM.
INFO | 2024-09-13 03:27:22,221 | views | 12 | 132810482629432 : PASSEI POR AQUI EM.
INFO | 2024-09-13 03:27:48,627 | views | 12 | 132810477009720 : PASSEI POR AQUI EM.
INFO | 2024-09-13 03:31:21,233 | views | 12 | 132810482629432 : PASSEI POR AQUI EM.
INFO | 2024-09-13 03:31:31,860 | views | 12 | 132810477009720 : PASSEI POR AQUI EM.
INFO | 2024-09-13 03:31:52,783 | views | 12 | 132810482629432 : PASSEI POR AQUI EM.
INFO | 2024-09-13 03:32:44,888 | views | 12 | 132810477009720 : PASSEI POR AQUI EM.
INFO | 2024-09-13 03:32:57,689 | views | 12 | 132810482629432 : PASSEI POR AQUI EM.
INFO | 2024-09-13 03:33:00,797 | views | 12 | 132810477009720 : PASSEI POR AQUI EM.
INFO | 2024-09-13 03:33:36,993 | views | 12 | 132810482629432 : PASSEI POR AQUI EM.
INFO | 2024-09-13 03:33:44,219 | views | 12 | 132810477009720 : PASSEI POR AQUI EM.
INFO | 2024-09-13 03:36:57,636 | views | 12 | 132810482629432 : PASSEI POR AQUI EM.
INFO | 2024-09-13 03:42:17,153 | views | 12 | 132810471566136 : PASSEI POR AQUI EM.
INFO | 2024-09-13 03:44:54,616 | views | 12 | 132810482629432 : PASSEI POR AQUI EM.
INFO | 2024-09-13 03:45:09,490 | views | 12 | 132810471566136 : PASSEI POR AQUI EM.
INFO | 2024-09-13 03:45:49,963 | views | 12 | 132810482629432 : PASSEI POR AQUI EM.
INFO | 2024-09-13 03:46:07,384 | views | 12 | 132810471566136 : PASSEI POR AQUI EM.
INFO | 2024-09-13 03:46:39,788 | views | 12 | 132810482629432 : PASSEI POR AQUI EM.
INFO | 2024-09-13 03:47:33,858 | views | 12 | 132810471566136 : PASSEI POR AQUI EM.
INFO | 2024-09-13 03:47:51,031 | views | 12 | 132810482629432 : PASSEI POR AQUI EM.
INFO | 2024-09-13 03:48:20,874 | views | 12 | 132810471566136 : PASSEI POR AQUI EM.
INFO | 2024-09-13 03:48:25,263 | views | 12 | 132810482629432 : PASSEI POR AQUI EM.
INFO | 2024-09-13 03:48:53,528 | views | 12 | 132810471566136 : PASSEI POR AQUI EM.
INFO | 2024-09-13 03:49:42,620 | views | 12 | 132810482629432 : PASSEI POR AQUI EM.
INFO | 2024-09-13 03:50:35,939 | views | 12 | 132810471566136 : PASSEI POR AQUI EM.
INFO | 2024-09-13 03:50:51,780 | views | 12 | 132810477009720 : PASSEI POR AQUI EM.
INFO | 2024-09-13 03:51:01,026 | views | 12 | 132810471566136 : PASSEI POR AQUI EM.
INFO | 2024-09-13 03:51:14,918 | views | 12 | 132810477009720 : PASSEI POR AQUI EM.
INFO | 2024-09-13 03:51:36,496 | views | 12 | 132810471566136 : PASSEI POR AQUI EM.
INFO | 2024-09-13 03:51:52,171 | views | 12 | 132810477009720 : PASSEI POR AQUI EM.
INFO | 2024-09-13 03:52:19,355 | views | 12 | 132810471566136 : PASSEI POR AQUI EM.
INFO | 2024-09-13 03:52:27,316 | views | 12 | 132810477009720 : PASSEI POR AQUI EM.
INFO | 2024-09-13 03:52:32,269 | views | 12 | 132810471566136 : PASSEI POR AQUI EM.
INFO | 2024-09-13 03:52:36,253 | views | 12 | 132810477009720 : PASSEI POR AQUI EM.
INFO | 2024-09-13 03:54:36,314 | views | 12 | 132810471566136 : PASSEI POR AQUI EM.
INFO | 2024-09-13 03:54:51,592 | views | 12 | 132810477009720 : PASSEI POR AQUI EM.
INFO | 2024-09-13 03:56:05,836 | views | 12 | 132810471566136 : PASSEI POR AQUI EM.
INFO | 2024-09-13 04:00:19,482 | views | 12 | 132810477009720 : PASSEI POR AQUI EM.
INFO | 2024-09-13 04:00:44,521 | views | 12 | 132810471566136 : PASSEI POR AQUI EM.
INFO | 2024-09-13 04:01:24,594 | views | 12 | 132810477009720 : PASSEI POR AQUI EM.
INFO | 2024-09-13 04:09:08,581 | views | 12 | 132810471566136 : PASSEI POR AQUI EM.
INFO | 2024-09-13 04:14:33,586 | views | 12 | 132810471566136 : PASSEI POR AQUI EM.
INFO | 2024-09-13 04:33:54,151 | views | 12 | 132810471566136 : PASSEI POR AQUI EM.
INFO | 2024-09-13 04:38:31,207 | views | 12 | 132810482629432 : PASSEI POR AQUI EM.
INFO | 2024-09-13 04:40:47,950 | views | 12 | 132810471566136 : PASSEI POR AQUI EM.
INFO | 2024-09-13 04:41:09,050 | views | 12 | 132810482629432 : PASSEI POR AQUI EM.
INFO | 2024-09-13 04:44:47,202 | views | 12 | 132810471566136 : PASSEI POR AQUI EM.
INFO | 2024-09-13 04:45:13,008 | views | 12 | 132810482629432 : PASSEI POR AQUI EM.
INFO | 2024-09-13 04:45:42,192 | views | 12 | 132810471566136 : PASSEI POR AQUI EM.
INFO | 2024-09-13 04:47:18,227 | views | 12 | 132810482629432 : PASSEI POR AQUI EM.
INFO | 2024-09-13 04:47:24,822 | views | 12 | 132810471566136 : PASSEI POR AQUI EM.
INFO | 2024-09-13 04:47:36,886 | views | 12 | 132810482629432 : PASSEI POR AQUI EM.
INFO | 2024-09-13 04:48:03,678 | views | 12 | 132810471566136 : PASSEI POR AQUI EM.
INFO | 2024-09-13 04:48:28,087 | views | 12 | 132810482629432 : PASSEI POR AQUI EM.
INFO | 2024-09-13 04:48:40,657 | views | 12 | 132810471566136 : PASSEI POR AQUI EM.
INFO | 2024-09-13 04:49:11,897 | views | 12 | 132810482629432 : PASSEI POR AQUI EM.
INFO | 2024-09-13 04:50:01,869 | views | 12 | 132810477009720 : PASSEI POR AQUI EM.
INFO | 2024-09-13 04:50:08,465 | views | 12 | 132810482629432 : PASSEI POR AQUI EM.
INFO | 2024-09-13 04:50:33,497 | views | 12 | 132810477009720 : PASSEI POR AQUI EM.
INFO | 2024-09-13 04:51:39,378 | views | 12 | 132810482629432 : PASSEI POR AQUI EM.
INFO | 2024-09-13 04:51:56,353 | views | 12 | 132810477009720 : PASSEI POR AQUI EM.
INFO | 2024-09-13 04:52:04,255 | views | 12 | 132810482629432 : PASSEI POR AQUI EM.
INFO | 2024-09-13 04:52:27,608 | views | 12 | 132810477009720 : PASSEI POR AQUI EM.
INFO | 2024-09-13 04:53:04,167 | views | 12 | 132810482629432 : PASSEI POR AQUI EM.
INFO | 2024-09-13 04:53:49,224 | views | 12 | 132810477009720 : PASSEI POR AQUI EM.
INFO | 2024-09-13 04:54:08,682 | views | 12 | 132810482629432 : PASSEI POR AQUI EM.
INFO | 2024-09-13 04:54:18,365 | views | 12 | 132810477009720 : PASSEI POR AQUI EM.
INFO | 2024-09-13 04:54:30,594 | views | 12 | 132810482629432 : PASSEI POR AQUI EM.
INFO | 2024-09-13 04:54:32,659 | views | 12 | 132810482629432 : PASSEI POR AQUI EM.
INFO | 2024-09-13 04:54:56,503 | views | 12 | 132810471566136 : PASSEI POR AQUI EM.
INFO | 2024-09-13 04:55:15,418 | views | 12 | 132810482629432 : PASSEI POR AQUI EM.
INFO | 2024-09-13 04:55:58,025 | views | 12 | 132810477009720 : PASSEI POR AQUI EM.
INFO | 2024-09-13 04:56:16,481 | views | 12 | 132810482629432 : PASSEI POR AQUI EM.
INFO | 2024-09-13 05:00:00,232 | views | 12 | 132810477009720 : PASSEI POR AQUI EM.
INFO | 2024-09-13 05:00:10,060 | views | 12 | 132810482629432 : PASSEI POR AQUI EM.
INFO | 2024-09-13 05:00:49,155 | views | 12 | 132810477009720 : PASSEI POR AQUI EM.
INFO | 2024-09-13 05:00:51,944 | views | 12 | 132810482629432 : PASSEI POR AQUI EM.
INFO | 2024-09-13 05:02:47,353 | views | 12 | 132810477009720 : PASSEI POR AQUI EM.
INFO | 2024-09-13 05:14:02,564 | views | 12 | 132810471566136 : PASSEI POR AQUI EM.
INFO | 2024-09-13 05:15:06,082 | views | 12 | 132810483690296 : PASSEI POR AQUI EM.
INFO | 2024-09-13 05:15:53,849 | views | 12 | 132810471566136 : PASSEI POR AQUI EM.
INFO | 2024-09-13 05:16:02,984 | views | 12 | 132810483690296 : PASSEI POR AQUI EM.
INFO | 2024-09-13 05:16:09,320 | views | 12 | 132810471566136 : PASSEI POR AQUI EM.
INFO | 2024-09-13 05:17:02,272 | views | 12 | 132810483690296 : PASSEI POR AQUI EM.
INFO | 2024-09-13 05:18:59,819 | views | 12 | 132810471566136 : PASSEI POR AQUI EM.
INFO | 2024-09-13 05:21:25,976 | views | 12 | 132810483690296 : PASSEI POR AQUI EM.
INFO | 2024-09-13 05:21:38,225 | views | 12 | 132810471566136 : PASSEI POR AQUI EM.
INFO | 2024-09-13 05:22:11,847 | views | 12 | 132810483690296 : PASSEI POR AQUI EM.
INFO | 2024-09-13 05:22:53,380 | views | 12 | 132810471566136 : PASSEI POR AQUI EM.
INFO | 2024-09-13 05:24:11,137 | views | 12 | 132810483690296 : PASSEI POR AQUI EM.
INFO | 2024-09-13 05:26:26,200 | views | 12 | 132810471566136 : PASSEI POR AQUI EM.
INFO | 2024-09-13 05:30:45,035 | views | 12 | 132810483690296 : PASSEI POR AQUI EM.
INFO | 2024-09-13 05:30:54,685 | views | 12 | 132810471566136 : PASSEI POR AQUI EM.
INFO | 2024-09-13 05:31:00,637 | views | 12 | 132810483690296 : PASSEI POR AQUI EM.
INFO | 2024-09-13 05:31:39,293 | views | 12 | 132810471566136 : PASSEI POR AQUI EM.
INFO | 2024-09-13 05:31:50,389 | views | 12 | 132810483690296 : PASSEI POR AQUI EM.
INFO | 2024-09-13 17:50:14,396 | views | 12 | 136594025581368 : PASSEI POR AQUI EM.
INFO | 2024-09-13 18:01:03,959 | views | 12 | 136594016807736 : PASSEI POR AQUI EM.
INFO | 2024-09-13 18:01:19,232 | views | 12 | 136594025581368 : PASSEI POR AQUI EM.
INFO | 2024-09-13 18:01:25,015 | views | 12 | 136594016807736 : PASSEI POR AQUI EM.
INFO | 2024-09-13 18:04:29,062 | views | 12 | 136594025581368 : PASSEI POR AQUI EM.
INFO | 2024-09-13 18:04:37,603 | views | 12 | 136594016807736 : PASSEI POR AQUI EM.
INFO | 2024-09-13 18:04:45,714 | views | 12 | 136594025581368 : PASSEI POR AQUI EM.
INFO | 2024-09-13 18:04:52,726 | views | 12 | 136594016807736 : PASSEI POR AQUI EM.
INFO | 2024-09-13 18:08:18,910 | views | 12 | 136594025581368 : PASSEI POR AQUI EM.
INFO | 2024-09-13 18:08:34,908 | views | 12 | 136594016807736 : PASSEI POR AQUI EM.
INFO | 2024-09-13 18:08:51,882 | views | 12 | 136594025581368 : PASSEI POR AQUI EM.
INFO | 2024-09-13 18:08:59,102 | views | 12 | 136594016807736 : PASSEI POR AQUI EM.
INFO | 2024-09-13 18:09:08,234 | views | 12 | 136594025581368 : PASSEI POR AQUI EM.
INFO | 2024-09-13 18:09:39,197 | views | 12 | 136594016807736 : PASSEI POR AQUI EM.
INFO | 2024-09-13 18:10:26,545 | views | 12 | 136594025581368 : PASSEI POR AQUI EM.
INFO | 2024-09-13 18:10:40,642 | views | 12 | 136594016807736 : PASSEI POR AQUI EM.
INFO | 2024-09-13 18:10:54,121 | views | 12 | 136594025581368 : PASSEI POR AQUI EM.
INFO | 2024-09-13 18:10:59,608 | views | 12 | 136594016807736 : PASSEI POR AQUI EM.
INFO | 2024-09-13 18:12:01,709 | views | 12 | 136594025581368 : PASSEI POR AQUI EM.
INFO | 2024-09-13 18:14:44,200 | views | 12 | 136594016807736 : PASSEI POR AQUI EM.
INFO | 2024-09-13 18:16:16,616 | views | 12 | 136594025581368 : PASSEI POR AQUI EM.
INFO | 2024-09-13 18:18:29,328 | views | 12 | 136594016807736 : PASSEI POR AQUI EM.
INFO | 2024-09-13 18:20:22,280 | views | 12 | 136594025581368 : PASSEI POR AQUI EM.
INFO | 2024-09-13 18:20:59,054 | views | 12 | 136594016807736 : PASSEI POR AQUI EM.
INFO | 2024-09-13 18:21:15,810 | views | 12 | 136594025581368 : PASSEI POR AQUI EM.
INFO | 2024-09-13 18:21:49,072 | views | 12 | 136594016807736 : PASSEI POR AQUI EM.
INFO | 2024-09-13 18:21:53,205 | views | 12 | 136594025581368 : PASSEI POR AQUI EM.
INFO | 2024-09-13 18:22:02,026 | views | 12 | 136594016807736 : PASSEI POR AQUI EM.
INFO | 2024-09-13 18:22:10,863 | views | 12 | 136594025581368 : PASSEI POR AQUI EM.
INFO | 2024-09-13 18:23:30,428 | views | 12 | 136594016807736 : PASSEI POR AQUI EM.
INFO | 2024-09-13 18:25:18,469 | views | 12 | 136594025581368 : PASSEI POR AQUI EM.
INFO | 2024-09-13 18:26:53,292 | views | 12 | 136594016807736 : PASSEI POR AQUI EM.
INFO | 2024-09-13 18:29:11,415 | views | 12 | 136594025581368 : PASSEI POR AQUI EM.
INFO | 2024-09-13 18:29:14,312 | views | 12 | 136594016807736 : PASSEI POR AQUI EM.
INFO | 2024-09-13 18:29:35,233 | views | 12 | 136594025581368 : PASSEI POR AQUI EM.
INFO | 2024-09-13 18:29:42,056 | views | 12 | 136594016807736 : PASSEI POR AQUI EM.
INFO | 2024-09-13 18:51:35,466 | views | 12 | 136594015746872 : PASSEI POR AQUI EM.
INFO | 2024-09-13 19:02:10,416 | views | 12 | 136594015746872 : PASSEI POR AQUI EM.
INFO | 2024-09-13 19:11:13,706 | views | 12 | 136594015746872 : PASSEI POR AQUI EM.
INFO | 2024-09-13 19:12:10,724 | views | 12 | 136594017868600 : PASSEI POR AQUI EM.
INFO | 2024-09-13 19:12:11,312 | views | 12 | 136594012588856 : PASSEI POR AQUI EM.
INFO | 2024-09-13 19:12:20,734 | views | 12 | 136594016807736 : PASSEI POR AQUI EM.
INFO | 2024-09-13 19:12:21,434 | views | 12 | 136594012588856 : PASSEI POR AQUI EM.
INFO | 2024-09-13 19:13:59,325 | views | 12 | 136594017868600 : PASSEI POR AQUI EM.
INFO | 2024-09-13 19:35:54,060 | views | 12 | 136594015746872 : PASSEI POR AQUI EM.
INFO | 2024-09-13 19:40:04,470 | views | 12 | 136594017868600 : PASSEI POR AQUI EM.
INFO | 2024-09-13 19:42:01,759 | views | 12 | 136594015746872 : PASSEI POR AQUI EM.
INFO | 2024-09-13 19:42:07,502 | views | 12 | 136594017868600 : PASSEI POR AQUI EM.
INFO | 2024-09-13 19:42:21,377 | views | 12 | 136594015746872 : PASSEI POR AQUI EM.
INFO | 2024-09-13 19:42:37,406 | views | 12 | 136594017868600 : PASSEI POR AQUI EM.
INFO | 2024-09-13 19:43:02,356 | views | 12 | 136594015746872 : PASSEI POR AQUI EM.
INFO | 2024-09-13 19:43:08,703 | views | 12 | 136594017868600 : PASSEI POR AQUI EM.
INFO | 2024-09-13 19:43:30,275 | views | 12 | 136594015746872 : PASSEI POR AQUI EM.
INFO | 2024-09-13 19:48:58,163 | views | 12 | 136594015746872 : PASSEI POR AQUI EM.
INFO | 2024-09-13 19:51:32,457 | views | 12 | 136594017868600 : PASSEI POR AQUI EM.
INFO | 2024-09-13 19:54:50,225 | views | 12 | 136594015746872 : PASSEI POR AQUI EM.
INFO | 2024-09-13 19:55:29,656 | views | 12 | 136594017868600 : PASSEI POR AQUI EM.
INFO | 2024-09-13 19:55:51,250 | views | 12 | 136594015746872 : PASSEI POR AQUI EM.
INFO | 2024-09-13 19:56:50,180 | views | 12 | 136594017868600 : PASSEI POR AQUI EM.
INFO | 2024-09-13 19:59:05,437 | views | 12 | 136594015746872 : PASSEI POR AQUI EM.
INFO | 2024-09-13 19:59:44,806 | views | 12 | 136594017868600 : PASSEI POR AQUI EM.
INFO | 2024-09-13 20:00:24,248 | views | 12 | 136594015746872 : PASSEI POR AQUI EM.
INFO | 2024-09-13 20:00:26,299 | views | 12 | 136594015746872 : PASSEI POR AQUI EM.
INFO | 2024-09-13 20:00:40,838 | views | 12 | 136594016807736 : PASSEI POR AQUI EM.
INFO | 2024-09-13 20:00:47,390 | views | 12 | 136594015746872 : PASSEI POR AQUI EM.
INFO | 2024-09-13 20:01:40,851 | views | 12 | 136594016807736 : PASSEI POR AQUI EM.
INFO | 2024-09-13 20:02:46,655 | views | 12 | 136594015746872 : PASSEI POR AQUI EM.
INFO | 2024-09-13 20:03:09,439 | views | 12 | 136594016807736 : PASSEI POR AQUI EM.
INFO | 2024-09-13 20:03:57,236 | views | 12 | 136594015746872 : PASSEI POR AQUI EM.
INFO | 2024-09-13 20:05:36,271 | views | 12 | 136594016807736 : PASSEI POR AQUI EM.
INFO | 2024-09-13 20:05:44,233 | views | 12 | 136594015746872 : PASSEI POR AQUI EM.
INFO | 2024-09-15 15:40:09,806 | views | 12 | 131276366060344 : PASSEI POR AQUI EM.
INFO | 2024-09-15 15:43:14,342 | views | 12 | 131276364999480 : PASSEI POR AQUI EM.
INFO | 2024-09-15 15:44:04,302 | views | 12 | 131276367121208 : PASSEI POR AQUI EM.
INFO | 2024-09-15 15:44:19,948 | views | 12 | 131276364999480 : PASSEI POR AQUI EM.
INFO | 2024-09-15 15:52:33,413 | views | 12 | 131276364999480 : PASSEI POR AQUI EM.
INFO | 2024-09-15 15:55:35,753 | views | 12 | 131276366060344 : PASSEI POR AQUI EM.
INFO | 2024-09-15 16:00:22,919 | views | 12 | 131276364999480 : PASSEI POR AQUI EM.
INFO | 2024-09-15 16:03:22,517 | views | 12 | 131276366060344 : PASSEI POR AQUI EM.
INFO | 2024-09-15 16:03:25,500 | views | 12 | 131276364999480 : PASSEI POR AQUI EM.
INFO | 2024-09-15 16:03:33,774 | views | 12 | 131276366060344 : PASSEI POR AQUI EM.
INFO | 2024-09-15 16:04:34,537 | views | 12 | 131276364999480 : PASSEI POR AQUI EM.
INFO | 2024-09-15 16:04:43,678 | views | 12 | 131276366060344 : PASSEI POR AQUI EM.
INFO | 2024-09-15 16:04:53,245 | views | 12 | 131276364999480 : PASSEI POR AQUI EM.
INFO | 2024-09-15 16:05:59,535 | views | 12 | 131276366060344 : PASSEI POR AQUI EM.
INFO | 2024-09-15 16:06:29,553 | views | 12 | 131276364999480 : PASSEI POR AQUI EM.
INFO | 2024-09-15 16:07:20,590 | views | 12 | 131276366060344 : PASSEI POR AQUI EM.
INFO | 2024-09-15 16:09:12,201 | views | 12 | 131276364999480 : PASSEI POR AQUI EM.
INFO | 2024-09-15 16:09:22,133 | views | 12 | 131276366060344 : PASSEI POR AQUI EM.
INFO | 2024-09-15 16:09:43,945 | views | 12 | 131276364999480 : PASSEI POR AQUI EM.
INFO | 2024-09-15 16:10:54,306 | views | 12 | 131276366060344 : PASSEI POR AQUI EM.
INFO | 2024-09-15 16:11:34,047 | views | 12 | 131276364999480 : PASSEI POR AQUI EM.
INFO | 2024-09-15 16:11:36,929 | views | 12 | 131276366060344 : PASSEI POR AQUI EM.
INFO | 2024-09-15 16:11:48,007 | views | 12 | 131276364999480 : PASSEI POR AQUI EM.
INFO | 2024-09-15 16:12:00,069 | views | 12 | 131276366060344 : PASSEI POR AQUI EM.
INFO | 2024-09-15 16:12:04,982 | views | 12 | 131276364999480 : PASSEI POR AQUI EM.
INFO | 2024-09-15 16:12:45,647 | views | 12 | 131276366060344 : PASSEI POR AQUI EM.
INFO | 2024-09-15 16:13:10,366 | views | 12 | 131276364999480 : PASSEI POR AQUI EM.
INFO | 2024-09-15 16:13:18,411 | views | 12 | 131276366060344 : PASSEI POR AQUI EM.
INFO | 2024-09-15 16:13:40,099 | views | 12 | 131276364999480 : PASSEI POR AQUI EM.
INFO | 2024-09-15 16:13:42,331 | views | 12 | 131276364999480 : PASSEI POR AQUI EM.
INFO | 2024-09-15 16:13:44,735 | views | 12 | 131276364999480 : PASSEI POR AQUI EM.
INFO | 2024-09-15 16:13:51,681 | views | 12 | 131276366060344 : PASSEI POR AQUI EM.
INFO | 2024-09-15 16:14:04,433 | views | 12 | 131276364999480 : PASSEI POR AQUI EM.
INFO | 2024-09-15 16:35:26,192 | views | 12 | 131276364999480 : PASSEI POR AQUI EM.
INFO | 2024-09-15 16:40:56,995 | views | 12 | 131276364999480 : PASSEI POR AQUI EM.
INFO | 2024-09-15 16:41:14,517 | views | 12 | 131276367121208 : PASSEI POR AQUI EM.
INFO | 2024-09-15 16:41:46,773 | views | 12 | 131276364999480 : PASSEI POR AQUI EM.
INFO | 2024-09-15 16:42:13,227 | views | 12 | 131276367121208 : PASSEI POR AQUI EM.
INFO | 2024-09-15 16:42:18,347 | views | 12 | 131276364999480 : PASSEI POR AQUI EM.
INFO | 2024-09-15 16:42:56,925 | views | 12 | 131276367121208 : PASSEI POR AQUI EM.
INFO | 2024-09-15 16:44:09,918 | views | 12 | 131276364999480 : PASSEI POR AQUI EM.
INFO | 2024-09-15 16:45:57,751 | views | 12 | 131276366060344 : PASSEI POR AQUI EM.
INFO | 2024-09-15 16:51:05,385 | views | 12 | 131276364999480 : PASSEI POR AQUI EM.
INFO | 2024-09-15 16:56:10,220 | views | 12 | 131276364999480 : PASSEI POR AQUI EM.
INFO | 2024-09-15 16:59:19,145 | views | 12 | 131276367121208 : PASSEI POR AQUI EM.
INFO | 2024-09-15 16:59:23,728 | views | 12 | 131276364999480 : PASSEI POR AQUI EM.
INFO | 2024-09-15 17:00:16,618 | views | 12 | 131276367121208 : PASSEI POR AQUI EM.
INFO | 2024-09-15 17:04:50,416 | views | 12 | 131276364999480 : PASSEI POR AQUI EM.
INFO | 2024-09-15 17:10:25,988 | views | 12 | 131276364999480 : PASSEI POR AQUI EM.
INFO | 2024-09-15 17:10:29,056 | views | 12 | 131276366060344 : PASSEI POR AQUI EM.
INFO | 2024-09-15 17:10:36,124 | views | 12 | 131276364999480 : PASSEI POR AQUI EM.
INFO | 2024-09-15 17:10:44,813 | views | 12 | 131276366060344 : PASSEI POR AQUI EM.
INFO | 2024-09-15 17:10:48,684 | views | 12 | 131276364999480 : PASSEI POR AQUI EM.
INFO | 2024-09-15 17:16:40,451 | views | 12 | 131276364999480 : PASSEI POR AQUI EM.
INFO | 2024-09-15 17:16:41,487 | views | 12 | 131276359732024 : PASSEI POR AQUI EM.
INFO | 2024-09-15 17:26:36,984 | views | 12 | 131276364999480 : PASSEI POR AQUI EM.
INFO | 2024-09-15 17:26:38,956 | views | 12 | 131276359732024 : PASSEI POR AQUI EM.
INFO | 2024-09-15 17:27:05,265 | views | 12 | 131276366060344 : PASSEI POR AQUI EM.
INFO | 2024-09-15 17:27:10,485 | views | 12 | 131276359732024 : PASSEI POR AQUI EM.
INFO | 2024-09-15 17:27:56,803 | views | 12 | 131276366060344 : PASSEI POR AQUI EM.
INFO | 2024-09-15 17:28:16,579 | views | 12 | 131276359732024 : PASSEI POR AQUI EM.
INFO | 2024-09-15 17:29:24,888 | views | 12 | 131276366060344 : PASSEI POR AQUI EM.
INFO | 2024-09-15 17:30:37,682 | views | 12 | 131276359732024 : PASSEI POR AQUI EM.
INFO | 2024-09-15 17:30:43,282 | views | 12 | 131276367121208 : PASSEI POR AQUI EM.
INFO | 2024-09-15 17:32:06,439 | views | 12 | 131276359732024 : PASSEI POR AQUI EM.
INFO | 2024-09-15 17:32:36,990 | views | 12 | 131276367121208 : PASSEI POR AQUI EM.
INFO | 2024-09-15 17:36:04,926 | views | 12 | 131276359732024 : PASSEI POR AQUI EM.
INFO | 2024-09-15 17:36:18,292 | views | 12 | 131276367121208 : PASSEI POR AQUI EM.
INFO | 2024-09-15 18:31:01,311 | views | 12 | 126785547070264 : PASSEI POR AQUI EM.
INFO | 2024-09-15 18:33:13,302 | views | 12 | 126785549179704 : PASSEI POR AQUI EM.
INFO | 2024-09-16 09:44:06,411 | views | 12 | 133612041866040 : PASSEI POR AQUI EM.
INFO | 2024-09-18 20:49:32,935 | views | 12 | 129350725540664 : PASSEI POR AQUI EM.
ERROR | 2024-09-20 03:07:46,201 | views | 331 | 136036446620472 : object of type 'GlassesFilter' has no len()
ERROR | 2024-09-20 03:08:10,729 | views | 331 | 136036446620472 : object of type 'GlassesFilter' has no len()
ERROR | 2024-09-20 03:08:13,138 | views | 331 | 136036447681336 : object of type 'GlassesFilter' has no len()
ERROR | 2024-09-20 03:08:55,419 | views | 337 | 136904742628152 : object of type 'GlassesFilter' has no len()
ERROR | 2024-09-20 03:09:14,879 | views | 345 | 129395086129976 : object of type 'GlassesFilter' has no len()
ERROR | 2024-09-20 03:09:27,778 | views | 351 | 138470670539576 : object of type 'GlassesFilter' has no len()
ERROR | 2024-09-20 03:11:26,529 | views | 357 | 138905268423480 : object of type 'GlassesFilter' has no len()
ERROR | 2024-09-20 03:11:45,609 | views | 363 | 123540354472760 : object of type 'GlassesFilter' has no len()
ERROR | 2024-09-20 03:15:30,816 | views | 379 | 129966729464632 : Sequence.count() missing 1 required positional argument: 'value'
ERROR | 2024-09-20 03:16:13,763 | views | 391 | 124545158208312 : Sequence.count() missing 1 required positional argument: 'value'
ERROR | 2024-09-20 03:17:32,585 | views | 14 | 139614626126648 : 'int' object is not callable
ERROR | 2024-09-20 03:17:38,396 | views | 14 | 139614628248376 : 'int' object is not callable
ERROR | 2024-09-20 05:19:05,090 | views | 270 | 125198636325688 : 'ManyRelatedManager' object is not iterable
ERROR | 2024-09-20 05:19:07,960 | views | 270 | 125198636325688 : 'ManyRelatedManager' object is not iterable
ERROR | 2024-09-20 05:19:36,119 | views | 275 | 137428527971128 : 'ManyRelatedManager' object is not iterable
ERROR | 2024-09-20 05:20:04,018 | views | 275 | 137428529031992 : 'ManyRelatedManager' object is not iterable
ERROR | 2024-09-20 05:20:07,147 | views | 275 | 137428527971128 : 'ManyRelatedManager' object is not iterable
ERROR | 2024-09-20 05:22:24,766 | views | 280 | 125391081528120 : list index out of range
ERROR | 2024-09-23 03:55:59,502 | views | 12 | 133439469501240 : Essa pgina no contm resultados
ERROR | 2024-09-23 04:01:20,013 | views | 12 | 133439469501240 : Essa pgina no contm resultados
ERROR | 2024-09-23 04:03:47,174 | views | 12 | 133439471622968 : Essa pgina no contm resultados
ERROR | 2024-09-23 04:03:49,425 | views | 12 | 133439469501240 : Essa pgina no contm resultados
ERROR | 2024-09-23 04:04:08,962 | views | 12 | 133439470562104 : Essa pgina no contm resultados
ERROR | 2024-09-23 04:41:56,792 | views | 267 | 133569524939576 : Esse nmero de pgina no  um nmero inteiro
ERROR | 2024-09-23 04:42:06,689 | views | 267 | 133569524939576 : Esse nmero de pgina no  um nmero inteiro
ERROR | 2024-09-23 04:42:43,250 | views | 267 | 133569524939576 : Esse nmero de pgina no  um nmero inteiro
ERROR | 2024-09-23 04:48:19,272 | views | 267 | 133569518668600 : Esse nmero de pgina no  um nmero inteiro
ERROR | 2024-09-23 04:48:27,000 | views | 267 | 133569518668600 : Esse nmero de pgina no  um nmero inteiro
ERROR | 2024-09-23 04:48:33,774 | views | 267 | 133569518668600 : Esse nmero de pgina no  um nmero inteiro
ERROR | 2024-09-23 04:52:03,230 | views | 267 | 133569518668600 : Esse nmero de pgina no  um nmero inteiro
ERROR | 2024-09-23 04:52:34,448 | views | 267 | 133569518668600 : Esse nmero de pgina no  um nmero inteiro
ERROR | 2024-09-23 04:52:46,758 | views | 267 | 133569526201144 : Esse nmero de pgina no  um nmero inteiro
ERROR | 2024-09-23 04:53:09,369 | views | 267 | 133569526201144 : Esse nmero de pgina no  um nmero inteiro
ERROR | 2024-09-23 04:53:19,353 | views | 267 | 133569518668600 : Esse nmero de pgina no  um nmero inteiro
ERROR | 2024-09-23 04:53:55,859 | views | 267 | 133569518668600 : Esse nmero de pgina no  um nmero inteiro
ERROR | 2024-09-23 04:55:56,778 | views | 267 | 133569518668600 : Esse nmero de pgina no  um nmero inteiro
ERROR | 2024-09-23 04:57:31,301 | views | 267 | 133569526201144 : Esse nmero de pgina no  um nmero inteiro
ERROR | 2024-09-23 05:00:08,303 | views | 267 | 133569524079416 : Esse nmero de pgina no  um nmero inteiro
ERROR | 2024-09-23 05:00:30,464 | views | 267 | 133569524079416 : Esse nmero de pgina no  um nmero inteiro
ERROR | 2024-09-23 05:01:06,979 | views | 267 | 133569518668600 : Esse nmero de pgina no  um nmero inteiro
ERROR | 2024-09-23 05:01:20,038 | views | 267 | 133569516559160 : Esse nmero de pgina no  um nmero inteiro
ERROR | 2024-09-23 05:01:39,108 | views | 267 | 133569518668600 : Esse nmero de pgina no  um nmero inteiro
ERROR | 2024-09-23 05:03:10,899 | views | 12 | 134924623137592 : Esse nmero de pgina no  um nmero inteiro
ERROR | 2024-09-23 05:03:59,354 | views | 12 | 134924623137592 : Esse nmero de pgina no  um nmero inteiro
ERROR | 2024-09-23 05:04:20,252 | views | 12 | 134924625259320 : Esse nmero de pgina no  um nmero inteiro
ERROR | 2024-09-23 05:06:54,746 | views | 12 | 134924623137592 : Esse nmero de pgina no  um nmero inteiro
ERROR | 2024-09-23 05:07:15,883 | views | 12 | 134924625259320 : Esse nmero de pgina no  um nmero inteiro
